{"meta": {"format": 3, "version": "7.13.5", "timestamp": "2026-05-20T00:57:40.631938", "branch_coverage": false, "show_contexts": false}, "files": {"__init__.py": {"executed_lines": [], "summary": {"covered_lines": 0, "num_statements": 0, "percent_covered": 100.0, "percent_covered_display": "100", "missing_lines": 0, "excluded_lines": 0, "percent_statements_covered": 100.0, "percent_statements_covered_display": "100"}, "missing_lines": [], "excluded_lines": [], "functions": {"": {"executed_lines": [], "summary": {"covered_lines": 0, "num_statements": 0, "percent_covered": 100.0, "percent_covered_display": "100", "missing_lines": 0, "excluded_lines": 0, "percent_statements_covered": 100.0, "percent_statements_covered_display": "100"}, "missing_lines": [], "excluded_lines": [], "start_line": 1}}, "classes": {"": {"executed_lines": [], "summary": {"covered_lines": 0, "num_statements": 0, "percent_covered": 100.0, "percent_covered_display": "100", "missing_lines": 0, "excluded_lines": 0, "percent_statements_covered": 100.0, "percent_statements_covered_display": "100"}, "missing_lines": [], "excluded_lines": [], "start_line": 1}}}, "agent.py": {"executed_lines": [], "summary": {"covered_lines": 0, "num_statements": 440, "percent_covered": 0.0, "percent_covered_display": "0", "missing_lines": 440, "excluded_lines": 0, "percent_statements_covered": 0.0, "percent_statements_covered_display": "0"}, "missing_lines": [3, 5, 6, 7, 8, 10, 11, 12, 13, 14, 29, 32, 33, 34, 35, 36, 37, 38, 39, 40, 41, 42, 43, 44, 45, 48, 49, 50, 51, 52, 53, 56, 57, 59, 60, 62, 64, 66, 67, 69, 71, 73, 75, 76, 78, 79, 80, 81, 82, 83, 85, 86, 87, 88, 89, 92, 93, 94, 95, 103, 104, 107, 110, 111, 112, 113, 114, 115, 116, 118, 119, 120, 122, 124, 125, 127, 132, 134, 142, 143, 144, 145, 146, 148, 150, 151, 152, 153, 154, 155, 156, 159, 160, 162, 164, 165, 168, 169, 172, 173, 175, 176, 178, 179, 180, 181, 182, 183, 184, 185, 188, 189, 190, 192, 193, 194, 195, 196, 206, 208, 217, 218, 219, 220, 222, 224, 225, 226, 227, 228, 229, 230, 231, 232, 235, 237, 238, 239, 240, 241, 243, 244, 245, 246, 248, 249, 250, 252, 253, 254, 255, 256, 258, 259, 260, 261, 262, 263, 264, 266, 267, 268, 269, 270, 271, 272, 273, 274, 275, 276, 277, 278, 279, 280, 281, 284, 289, 290, 291, 292, 293, 294, 295, 296, 297, 298, 299, 300, 303, 308, 309, 310, 311, 312, 313, 314, 315, 316, 319, 324, 325, 328, 329, 330, 332, 333, 340, 343, 344, 352, 355, 360, 361, 362, 365, 366, 369, 370, 371, 378, 382, 383, 384, 385, 386, 387, 388, 389, 390, 391, 392, 393, 394, 395, 396, 397, 398, 401, 402, 403, 404, 406, 407, 408, 409, 410, 411, 413, 414, 415, 416, 417, 418, 419, 420, 421, 422, 423, 424, 425, 427, 428, 429, 430, 433, 434, 443, 447, 448, 449, 450, 451, 452, 453, 454, 455, 456, 457, 458, 459, 460, 461, 462, 463, 466, 467, 468, 469, 470, 471, 472, 473, 477, 479, 486, 488, 489, 491, 502, 505, 506, 508, 509, 510, 514, 515, 516, 519, 520, 521, 524, 525, 526, 527, 528, 529, 530, 531, 532, 534, 535, 536, 539, 540, 541, 542, 543, 545, 546, 548, 549, 550, 551, 552, 553, 554, 555, 558, 559, 560, 562, 563, 564, 565, 566, 576, 577, 586, 587, 588, 589, 591, 592, 593, 594, 597, 598, 599, 600, 601, 602, 603, 604, 605, 606, 607, 609, 610, 612, 613, 616, 621, 622, 623, 624, 625, 627, 628, 629, 630, 631, 634, 635, 638, 639, 641, 644, 646, 647, 650, 660, 661, 663, 664, 666, 668, 670, 674, 675, 676, 678, 679, 683, 684, 685, 688, 689, 691, 692, 693, 694, 695, 696, 697, 698, 699, 700, 701, 702, 703, 704, 705, 707, 708, 710, 720, 725, 726, 733, 741, 744, 745, 747, 760, 766, 767, 772, 773, 774, 776], "excluded_lines": [], "functions": {"SharrowkinAgent.__init__": {"executed_lines": [], "summary": {"covered_lines": 0, "num_statements": 4, "percent_covered": 0.0, "percent_covered_display": "0", "missing_lines": 4, "excluded_lines": 0, "percent_statements_covered": 0.0, "percent_statements_covered_display": "0"}, "missing_lines": [50, 51, 52, 53], "excluded_lines": [], "start_line": 49}, "SharrowkinAgent._phase": {"executed_lines": [], "summary": {"covered_lines": 0, "num_statements": 1, "percent_covered": 0.0, "percent_covered_display": "0", "missing_lines": 1, "excluded_lines": 0, "percent_statements_covered": 0.0, "percent_statements_covered_display": "0"}, "missing_lines": [57], "excluded_lines": [], "start_line": 56}, "SharrowkinAgent._log": {"executed_lines": [], "summary": {"covered_lines": 0, "num_statements": 1, "percent_covered": 0.0, "percent_covered_display": "0", "missing_lines": 1, "excluded_lines": 0, "percent_statements_covered": 0.0, "percent_statements_covered_display": "0"}, "missing_lines": [60], "excluded_lines": [], "start_line": 59}, "SharrowkinAgent._task_update": {"executed_lines": [], "summary": {"covered_lines": 0, "num_statements": 1, "percent_covered": 0.0, "percent_covered_display": "0", "missing_lines": 1, "excluded_lines": 0, "percent_statements_covered": 0.0, "percent_statements_covered_display": "0"}, "missing_lines": [64], "excluded_lines": [], "start_line": 62}, "SharrowkinAgent._status": {"executed_lines": [], "summary": {"covered_lines": 0, "num_statements": 1, "percent_covered": 0.0, "percent_covered_display": "0", "missing_lines": 1, "excluded_lines": 0, "percent_statements_covered": 0.0, "percent_statements_covered_display": "0"}, "missing_lines": [67], "excluded_lines": [], "start_line": 66}, "SharrowkinAgent._thinking": {"executed_lines": [], "summary": {"covered_lines": 0, "num_statements": 1, "percent_covered": 0.0, "percent_covered_display": "0", "missing_lines": 1, "excluded_lines": 0, "percent_statements_covered": 0.0, "percent_statements_covered_display": "0"}, "missing_lines": [71], "excluded_lines": [], "start_line": 69}, "SharrowkinAgent._format_history": {"executed_lines": [], "summary": {"covered_lines": 0, "num_statements": 13, "percent_covered": 0.0, "percent_covered_display": "0", "missing_lines": 13, "excluded_lines": 0, "percent_statements_covered": 0.0, "percent_statements_covered_display": "0"}, "missing_lines": [75, 76, 78, 79, 80, 81, 82, 83, 85, 86, 87, 88, 89], "excluded_lines": [], "start_line": 73}, "SharrowkinAgent.run": {"executed_lines": [], "summary": {"covered_lines": 0, "num_statements": 119, "percent_covered": 0.0, "percent_covered_display": "0", "missing_lines": 119, "excluded_lines": 0, "percent_statements_covered": 0.0, "percent_statements_covered_display": "0"}, "missing_lines": [93, 94, 95, 103, 104, 107, 110, 111, 112, 113, 114, 115, 116, 118, 119, 120, 122, 124, 125, 127, 132, 134, 142, 143, 144, 145, 146, 148, 150, 151, 152, 153, 154, 155, 156, 159, 160, 162, 164, 165, 168, 169, 172, 173, 175, 176, 178, 179, 180, 181, 182, 183, 184, 185, 188, 189, 190, 192, 193, 194, 195, 196, 206, 208, 217, 218, 219, 220, 222, 224, 225, 226, 227, 228, 229, 230, 231, 232, 235, 237, 238, 239, 240, 241, 243, 244, 245, 246, 248, 249, 250, 252, 253, 254, 255, 256, 258, 259, 260, 261, 262, 263, 264, 266, 267, 268, 269, 270, 271, 272, 273, 274, 275, 276, 277, 278, 279, 280, 281], "excluded_lines": [], "start_line": 92}, "SharrowkinAgent._observe": {"executed_lines": [], "summary": {"covered_lines": 0, "num_statements": 12, "percent_covered": 0.0, "percent_covered_display": "0", "missing_lines": 12, "excluded_lines": 0, "percent_statements_covered": 0.0, "percent_statements_covered_display": "0"}, "missing_lines": [289, 290, 291, 292, 293, 294, 295, 296, 297, 298, 299, 300], "excluded_lines": [], "start_line": 284}, "SharrowkinAgent._recall": {"executed_lines": [], "summary": {"covered_lines": 0, "num_statements": 9, "percent_covered": 0.0, "percent_covered_display": "0", "missing_lines": 9, "excluded_lines": 0, "percent_statements_covered": 0.0, "percent_statements_covered_display": "0"}, "missing_lines": [308, 309, 310, 311, 312, 313, 314, 315, 316], "excluded_lines": [], "start_line": 303}, "SharrowkinAgent._reason": {"executed_lines": [], "summary": {"covered_lines": 0, "num_statements": 168, "percent_covered": 0.0, "percent_covered_display": "0", "missing_lines": 168, "excluded_lines": 0, "percent_statements_covered": 0.0, "percent_statements_covered_display": "0"}, "missing_lines": [324, 325, 328, 329, 330, 332, 333, 340, 343, 352, 355, 360, 361, 362, 365, 366, 369, 370, 371, 378, 382, 383, 384, 385, 386, 387, 388, 389, 390, 391, 392, 393, 394, 395, 396, 397, 398, 401, 402, 403, 404, 406, 407, 408, 409, 410, 411, 413, 414, 415, 416, 417, 418, 419, 420, 421, 422, 423, 424, 425, 427, 428, 429, 430, 433, 434, 443, 447, 448, 449, 450, 451, 452, 453, 454, 455, 456, 457, 458, 459, 460, 461, 462, 463, 466, 467, 468, 469, 470, 471, 472, 473, 477, 486, 488, 491, 502, 505, 506, 508, 509, 510, 514, 515, 516, 519, 520, 521, 524, 525, 526, 527, 528, 529, 530, 531, 532, 534, 535, 536, 539, 540, 541, 542, 543, 545, 546, 548, 549, 550, 551, 552, 553, 554, 555, 558, 559, 560, 562, 563, 564, 565, 566, 576, 577, 586, 587, 588, 589, 591, 592, 593, 594, 597, 598, 599, 600, 601, 602, 603, 604, 605, 606, 607, 609, 610, 612, 613], "excluded_lines": [], "start_line": 319}, "SharrowkinAgent._reason.task_to_dict": {"executed_lines": [], "summary": {"covered_lines": 0, "num_statements": 1, "percent_covered": 0.0, "percent_covered_display": "0", "missing_lines": 1, "excluded_lines": 0, "percent_statements_covered": 0.0, "percent_statements_covered_display": "0"}, "missing_lines": [344], "excluded_lines": [], "start_line": 343}, "SharrowkinAgent._reason.stream_thinking_async": {"executed_lines": [], "summary": {"covered_lines": 0, "num_statements": 1, "percent_covered": 0.0, "percent_covered_display": "0", "missing_lines": 1, "excluded_lines": 0, "percent_statements_covered": 0.0, "percent_statements_covered_display": "0"}, "missing_lines": [479], "excluded_lines": [], "start_line": 477}, "SharrowkinAgent._reason.stream_thinking": {"executed_lines": [], "summary": {"covered_lines": 0, "num_statements": 1, "percent_covered": 0.0, "percent_covered_display": "0", "missing_lines": 1, "excluded_lines": 0, "percent_statements_covered": 0.0, "percent_statements_covered_display": "0"}, "missing_lines": [489], "excluded_lines": [], "start_line": 488}, "SharrowkinAgent._stabilize": {"executed_lines": [], "summary": {"covered_lines": 0, "num_statements": 24, "percent_covered": 0.0, "percent_covered_display": "0", "missing_lines": 24, "excluded_lines": 0, "percent_statements_covered": 0.0, "percent_statements_covered_display": "0"}, "missing_lines": [621, 622, 623, 624, 625, 627, 628, 629, 630, 631, 634, 635, 638, 639, 641, 644, 646, 647, 650, 660, 661, 663, 664, 666], "excluded_lines": [], "start_line": 616}, "SharrowkinAgent._parse_pytest_error": {"executed_lines": [], "summary": {"covered_lines": 0, "num_statements": 29, "percent_covered": 0.0, "percent_covered_display": "0", "missing_lines": 29, "excluded_lines": 0, "percent_statements_covered": 0.0, "percent_statements_covered_display": "0"}, "missing_lines": [670, 674, 675, 676, 678, 679, 683, 684, 685, 688, 689, 691, 692, 693, 694, 695, 696, 697, 698, 699, 700, 701, 702, 703, 704, 705, 707, 708, 710], "excluded_lines": [], "start_line": 668}, "SharrowkinAgent._commit": {"executed_lines": [], "summary": {"covered_lines": 0, "num_statements": 14, "percent_covered": 0.0, "percent_covered_display": "0", "missing_lines": 14, "excluded_lines": 0, "percent_statements_covered": 0.0, "percent_statements_covered_display": "0"}, "missing_lines": [725, 726, 733, 741, 744, 745, 747, 760, 766, 767, 772, 773, 774, 776], "excluded_lines": [], "start_line": 720}, "": {"executed_lines": [], "summary": {"covered_lines": 0, "num_statements": 40, "percent_covered": 0.0, "percent_covered_display": "0", "missing_lines": 40, "excluded_lines": 0, "percent_statements_covered": 0.0, "percent_statements_covered_display": "0"}, "missing_lines": [3, 5, 6, 7, 8, 10, 11, 12, 13, 14, 29, 32, 33, 34, 35, 36, 37, 38, 39, 40, 41, 42, 43, 44, 45, 48, 49, 56, 59, 62, 66, 69, 73, 92, 284, 303, 319, 616, 668, 720], "excluded_lines": [], "start_line": 1}}, "classes": {"AgentRunState": {"executed_lines": [], "summary": {"covered_lines": 0, "num_statements": 0, "percent_covered": 100.0, "percent_covered_display": "100", "missing_lines": 0, "excluded_lines": 0, "percent_statements_covered": 100.0, "percent_statements_covered_display": "100"}, "missing_lines": [], "excluded_lines": [], "start_line": 33}, "SharrowkinAgent": {"executed_lines": [], "summary": {"covered_lines": 0, "num_statements": 400, "percent_covered": 0.0, "percent_covered_display": "0", "missing_lines": 400, "excluded_lines": 0, "percent_statements_covered": 0.0, "percent_statements_covered_display": "0"}, "missing_lines": [50, 51, 52, 53, 57, 60, 64, 67, 71, 75, 76, 78, 79, 80, 81, 82, 83, 85, 86, 87, 88, 89, 93, 94, 95, 103, 104, 107, 110, 111, 112, 113, 114, 115, 116, 118, 119, 120, 122, 124, 125, 127, 132, 134, 142, 143, 144, 145, 146, 148, 150, 151, 152, 153, 154, 155, 156, 159, 160, 162, 164, 165, 168, 169, 172, 173, 175, 176, 178, 179, 180, 181, 182, 183, 184, 185, 188, 189, 190, 192, 193, 194, 195, 196, 206, 208, 217, 218, 219, 220, 222, 224, 225, 226, 227, 228, 229, 230, 231, 232, 235, 237, 238, 239, 240, 241, 243, 244, 245, 246, 248, 249, 250, 252, 253, 254, 255, 256, 258, 259, 260, 261, 262, 263, 264, 266, 267, 268, 269, 270, 271, 272, 273, 274, 275, 276, 277, 278, 279, 280, 281, 289, 290, 291, 292, 293, 294, 295, 296, 297, 298, 299, 300, 308, 309, 310, 311, 312, 313, 314, 315, 316, 324, 325, 328, 329, 330, 332, 333, 340, 343, 344, 352, 355, 360, 361, 362, 365, 366, 369, 370, 371, 378, 382, 383, 384, 385, 386, 387, 388, 389, 390, 391, 392, 393, 394, 395, 396, 397, 398, 401, 402, 403, 404, 406, 407, 408, 409, 410, 411, 413, 414, 415, 416, 417, 418, 419, 420, 421, 422, 423, 424, 425, 427, 428, 429, 430, 433, 434, 443, 447, 448, 449, 450, 451, 452, 453, 454, 455, 456, 457, 458, 459, 460, 461, 462, 463, 466, 467, 468, 469, 470, 471, 472, 473, 477, 479, 486, 488, 489, 491, 502, 505, 506, 508, 509, 510, 514, 515, 516, 519, 520, 521, 524, 525, 526, 527, 528, 529, 530, 531, 532, 534, 535, 536, 539, 540, 541, 542, 543, 545, 546, 548, 549, 550, 551, 552, 553, 554, 555, 558, 559, 560, 562, 563, 564, 565, 566, 576, 577, 586, 587, 588, 589, 591, 592, 593, 594, 597, 598, 599, 600, 601, 602, 603, 604, 605, 606, 607, 609, 610, 612, 613, 621, 622, 623, 624, 625, 627, 628, 629, 630, 631, 634, 635, 638, 639, 641, 644, 646, 647, 650, 660, 661, 663, 664, 666, 670, 674, 675, 676, 678, 679, 683, 684, 685, 688, 689, 691, 692, 693, 694, 695, 696, 697, 698, 699, 700, 701, 702, 703, 704, 705, 707, 708, 710, 725, 726, 733, 741, 744, 745, 747, 760, 766, 767, 772, 773, 774, 776], "excluded_lines": [], "start_line": 48}, "": {"executed_lines": [], "summary": {"covered_lines": 0, "num_statements": 40, "percent_covered": 0.0, "percent_covered_display": "0", "missing_lines": 40, "excluded_lines": 0, "percent_statements_covered": 0.0, "percent_statements_covered_display": "0"}, "missing_lines": [3, 5, 6, 7, 8, 10, 11, 12, 13, 14, 29, 32, 33, 34, 35, 36, 37, 38, 39, 40, 41, 42, 43, 44, 45, 48, 49, 56, 59, 62, 66, 69, 73, 92, 284, 303, 319, 616, 668, 720], "excluded_lines": [], "start_line": 1}}}, "code_analysis\\__init__.py": {"executed_lines": [], "summary": {"covered_lines": 0, "num_statements": 3, "percent_covered": 0.0, "percent_covered_display": "0", "missing_lines": 3, "excluded_lines": 0, "percent_statements_covered": 0.0, "percent_statements_covered_display": "0"}, "missing_lines": [3, 4, 6], "excluded_lines": [], "functions": {"": {"executed_lines": [], "summary": {"covered_lines": 0, "num_statements": 3, "percent_covered": 0.0, "percent_covered_display": "0", "missing_lines": 3, "excluded_lines": 0, "percent_statements_covered": 0.0, "percent_statements_covered_display": "0"}, "missing_lines": [3, 4, 6], "excluded_lines": [], "start_line": 1}}, "classes": {"": {"executed_lines": [], "summary": {"covered_lines": 0, "num_statements": 3, "percent_covered": 0.0, "percent_covered_display": "0", "missing_lines": 3, "excluded_lines": 0, "percent_statements_covered": 0.0, "percent_statements_covered_display": "0"}, "missing_lines": [3, 4, 6], "excluded_lines": [], "start_line": 1}}}, "code_analysis\\dependency_analyzer.py": {"executed_lines": [], "summary": {"covered_lines": 0, "num_statements": 238, "percent_covered": 0.0, "percent_covered_display": "0", "missing_lines": 238, "excluded_lines": 0, "percent_statements_covered": 0.0, "percent_statements_covered_display": "0"}, "missing_lines": [7, 9, 10, 11, 12, 13, 16, 18, 19, 20, 21, 22, 23, 26, 27, 30, 31, 32, 33, 34, 36, 37, 40, 43, 44, 45, 47, 49, 50, 51, 53, 55, 56, 57, 58, 60, 62, 63, 64, 65, 67, 69, 70, 72, 73, 74, 75, 77, 78, 79, 80, 81, 83, 84, 86, 88, 89, 91, 92, 94, 95, 96, 97, 98, 100, 101, 103, 104, 106, 107, 108, 110, 111, 113, 115, 117, 119, 120, 121, 122, 124, 125, 126, 128, 130, 132, 134, 135, 136, 137, 140, 141, 142, 143, 144, 146, 148, 157, 158, 160, 161, 163, 164, 165, 174, 175, 178, 181, 182, 184, 186, 187, 189, 190, 191, 192, 193, 194, 195, 197, 199, 200, 201, 202, 205, 206, 207, 209, 211, 214, 217, 218, 219, 220, 221, 223, 225, 226, 227, 228, 229, 230, 232, 234, 235, 236, 242, 243, 245, 247, 248, 249, 250, 251, 257, 258, 260, 262, 263, 266, 267, 268, 269, 275, 276, 277, 278, 284, 287, 288, 289, 290, 296, 298, 299, 301, 303, 304, 306, 309, 310, 311, 312, 318, 321, 322, 323, 324, 330, 332, 333, 335, 337, 338, 340, 341, 342, 343, 345, 346, 352, 354, 356, 358, 359, 361, 362, 368, 370, 372, 374, 375, 377, 378, 379, 381, 382, 384, 386, 388, 389, 390, 391, 392, 393, 394, 395, 396, 397, 399, 401, 402, 403, 404, 405, 407, 408, 409], "excluded_lines": [], "functions": {"Dependency.__str__": {"executed_lines": [], "summary": {"covered_lines": 0, "num_statements": 1, "percent_covered": 0.0, "percent_covered_display": "0", "missing_lines": 1, "excluded_lines": 0, "percent_statements_covered": 0.0, "percent_statements_covered_display": "0"}, "missing_lines": [37], "excluded_lines": [], "start_line": 36}, "DependencyGraph.__init__": {"executed_lines": [], "summary": {"covered_lines": 0, "num_statements": 2, "percent_covered": 0.0, "percent_covered_display": "0", "missing_lines": 2, "excluded_lines": 0, "percent_statements_covered": 0.0, "percent_statements_covered_display": "0"}, "missing_lines": [44, 45], "excluded_lines": [], "start_line": 43}, "DependencyGraph.add_dependency": {"executed_lines": [], "summary": {"covered_lines": 0, "num_statements": 3, "percent_covered": 0.0, "percent_covered_display": "0", "missing_lines": 3, "excluded_lines": 0, "percent_statements_covered": 0.0, "percent_statements_covered_display": "0"}, "missing_lines": [49, 50, 51], "excluded_lines": [], "start_line": 47}, "DependencyGraph.get_dependencies_of": {"executed_lines": [], "summary": {"covered_lines": 0, "num_statements": 4, "percent_covered": 0.0, "percent_covered_display": "0", "missing_lines": 4, "excluded_lines": 0, "percent_statements_covered": 0.0, "percent_statements_covered_display": "0"}, "missing_lines": [55, 56, 57, 58], "excluded_lines": [], "start_line": 53}, "DependencyGraph.get_dependents_of": {"executed_lines": [], "summary": {"covered_lines": 0, "num_statements": 4, "percent_covered": 0.0, "percent_covered_display": "0", "missing_lines": 4, "excluded_lines": 0, "percent_statements_covered": 0.0, "percent_statements_covered_display": "0"}, "missing_lines": [62, 63, 64, 65], "excluded_lines": [], "start_line": 60}, "DependencyGraph.get_transitive_dependencies": {"executed_lines": [], "summary": {"covered_lines": 0, "num_statements": 13, "percent_covered": 0.0, "percent_covered_display": "0", "missing_lines": 13, "excluded_lines": 0, "percent_statements_covered": 0.0, "percent_statements_covered_display": "0"}, "missing_lines": [69, 70, 72, 73, 74, 75, 77, 78, 79, 80, 81, 83, 84], "excluded_lines": [], "start_line": 67}, "DependencyGraph.get_circular_dependencies": {"executed_lines": [], "summary": {"covered_lines": 0, "num_statements": 6, "percent_covered": 0.0, "percent_covered_display": "0", "missing_lines": 6, "excluded_lines": 0, "percent_statements_covered": 0.0, "percent_statements_covered_display": "0"}, "missing_lines": [88, 89, 91, 110, 111, 113], "excluded_lines": [], "start_line": 86}, "DependencyGraph.get_circular_dependencies.dfs": {"executed_lines": [], "summary": {"covered_lines": 0, "num_statements": 13, "percent_covered": 0.0, "percent_covered_display": "0", "missing_lines": 13, "excluded_lines": 0, "percent_statements_covered": 0.0, "percent_statements_covered_display": "0"}, "missing_lines": [92, 94, 95, 96, 97, 98, 100, 101, 103, 104, 106, 107, 108], "excluded_lines": [], "start_line": 91}, "DependencyGraph.get_module_dependencies": {"executed_lines": [], "summary": {"covered_lines": 0, "num_statements": 9, "percent_covered": 0.0, "percent_covered_display": "0", "missing_lines": 9, "excluded_lines": 0, "percent_statements_covered": 0.0, "percent_statements_covered_display": "0"}, "missing_lines": [117, 119, 120, 121, 122, 124, 125, 126, 128], "excluded_lines": [], "start_line": 115}, "DependencyGraph.visualize": {"executed_lines": [], "summary": {"covered_lines": 0, "num_statements": 11, "percent_covered": 0.0, "percent_covered_display": "0", "missing_lines": 11, "excluded_lines": 0, "percent_statements_covered": 0.0, "percent_statements_covered_display": "0"}, "missing_lines": [132, 134, 135, 136, 137, 140, 141, 142, 143, 144, 146], "excluded_lines": [], "start_line": 130}, "DependencyGraph._visualize_entity": {"executed_lines": [], "summary": {"covered_lines": 0, "num_statements": 9, "percent_covered": 0.0, "percent_covered_display": "0", "missing_lines": 9, "excluded_lines": 0, "percent_statements_covered": 0.0, "percent_statements_covered_display": "0"}, "missing_lines": [157, 158, 160, 161, 163, 164, 165, 174, 175], "excluded_lines": [], "start_line": 148}, "DependencyAnalyzer.__init__": {"executed_lines": [], "summary": {"covered_lines": 0, "num_statements": 1, "percent_covered": 0.0, "percent_covered_display": "0", "missing_lines": 1, "excluded_lines": 0, "percent_statements_covered": 0.0, "percent_statements_covered_display": "0"}, "missing_lines": [182], "excluded_lines": [], "start_line": 181}, "DependencyAnalyzer.analyze_file": {"executed_lines": [], "summary": {"covered_lines": 0, "num_statements": 9, "percent_covered": 0.0, "percent_covered_display": "0", "missing_lines": 9, "excluded_lines": 0, "percent_statements_covered": 0.0, "percent_statements_covered_display": "0"}, "missing_lines": [186, 187, 189, 190, 191, 192, 193, 194, 195], "excluded_lines": [], "start_line": 184}, "DependencyAnalyzer.analyze_directory": {"executed_lines": [], "summary": {"covered_lines": 0, "num_statements": 7, "percent_covered": 0.0, "percent_covered_display": "0", "missing_lines": 7, "excluded_lines": 0, "percent_statements_covered": 0.0, "percent_statements_covered_display": "0"}, "missing_lines": [199, 200, 201, 202, 205, 206, 207], "excluded_lines": [], "start_line": 197}, "DependencyAnalyzer.get_graph": {"executed_lines": [], "summary": {"covered_lines": 0, "num_statements": 1, "percent_covered": 0.0, "percent_covered_display": "0", "missing_lines": 1, "excluded_lines": 0, "percent_statements_covered": 0.0, "percent_statements_covered_display": "0"}, "missing_lines": [211], "excluded_lines": [], "start_line": 209}, "DependencyVisitor.__init__": {"executed_lines": [], "summary": {"covered_lines": 0, "num_statements": 4, "percent_covered": 0.0, "percent_covered_display": "0", "missing_lines": 4, "excluded_lines": 0, "percent_statements_covered": 0.0, "percent_statements_covered_display": "0"}, "missing_lines": [218, 219, 220, 221], "excluded_lines": [], "start_line": 217}, "DependencyVisitor._get_current_context": {"executed_lines": [], "summary": {"covered_lines": 0, "num_statements": 6, "percent_covered": 0.0, "percent_covered_display": "0", "missing_lines": 6, "excluded_lines": 0, "percent_statements_covered": 0.0, "percent_statements_covered_display": "0"}, "missing_lines": [225, 226, 227, 228, 229, 230], "excluded_lines": [], "start_line": 223}, "DependencyVisitor.visit_Import": {"executed_lines": [], "summary": {"covered_lines": 0, "num_statements": 5, "percent_covered": 0.0, "percent_covered_display": "0", "missing_lines": 5, "excluded_lines": 0, "percent_statements_covered": 0.0, "percent_statements_covered_display": "0"}, "missing_lines": [234, 235, 236, 242, 243], "excluded_lines": [], "start_line": 232}, "DependencyVisitor.visit_ImportFrom": {"executed_lines": [], "summary": {"covered_lines": 0, "num_statements": 7, "percent_covered": 0.0, "percent_covered_display": "0", "missing_lines": 7, "excluded_lines": 0, "percent_statements_covered": 0.0, "percent_statements_covered_display": "0"}, "missing_lines": [247, 248, 249, 250, 251, 257, 258], "excluded_lines": [], "start_line": 245}, "DependencyVisitor.visit_ClassDef": {"executed_lines": [], "summary": {"covered_lines": 0, "num_statements": 18, "percent_covered": 0.0, "percent_covered_display": "0", "missing_lines": 18, "excluded_lines": 0, "percent_statements_covered": 0.0, "percent_statements_covered_display": "0"}, "missing_lines": [262, 263, 266, 267, 268, 269, 275, 276, 277, 278, 284, 287, 288, 289, 290, 296, 298, 299], "excluded_lines": [], "start_line": 260}, "DependencyVisitor.visit_FunctionDef": {"executed_lines": [], "summary": {"covered_lines": 0, "num_statements": 15, "percent_covered": 0.0, "percent_covered_display": "0", "missing_lines": 15, "excluded_lines": 0, "percent_statements_covered": 0.0, "percent_statements_covered_display": "0"}, "missing_lines": [303, 304, 306, 309, 310, 311, 312, 318, 321, 322, 323, 324, 330, 332, 333], "excluded_lines": [], "start_line": 301}, "DependencyVisitor.visit_Call": {"executed_lines": [], "summary": {"covered_lines": 0, "num_statements": 10, "percent_covered": 0.0, "percent_covered_display": "0", "missing_lines": 10, "excluded_lines": 0, "percent_statements_covered": 0.0, "percent_statements_covered_display": "0"}, "missing_lines": [337, 338, 340, 341, 342, 343, 345, 346, 352, 354], "excluded_lines": [], "start_line": 335}, "DependencyVisitor.visit_Attribute": {"executed_lines": [], "summary": {"covered_lines": 0, "num_statements": 6, "percent_covered": 0.0, "percent_covered_display": "0", "missing_lines": 6, "excluded_lines": 0, "percent_statements_covered": 0.0, "percent_statements_covered_display": "0"}, "missing_lines": [358, 359, 361, 362, 368, 370], "excluded_lines": [], "start_line": 356}, "DependencyVisitor._get_attribute_name": {"executed_lines": [], "summary": {"covered_lines": 0, "num_statements": 8, "percent_covered": 0.0, "percent_covered_display": "0", "missing_lines": 8, "excluded_lines": 0, "percent_statements_covered": 0.0, "percent_statements_covered_display": "0"}, "missing_lines": [374, 375, 377, 378, 379, 381, 382, 384], "excluded_lines": [], "start_line": 372}, "DependencyVisitor._get_decorator_name": {"executed_lines": [], "summary": {"covered_lines": 0, "num_statements": 10, "percent_covered": 0.0, "percent_covered_display": "0", "missing_lines": 10, "excluded_lines": 0, "percent_statements_covered": 0.0, "percent_statements_covered_display": "0"}, "missing_lines": [388, 389, 390, 391, 392, 393, 394, 395, 396, 397], "excluded_lines": [], "start_line": 386}, "DependencyVisitor._get_annotation_name": {"executed_lines": [], "summary": {"covered_lines": 0, "num_statements": 8, "percent_covered": 0.0, "percent_covered_display": "0", "missing_lines": 8, "excluded_lines": 0, "percent_statements_covered": 0.0, "percent_statements_covered_display": "0"}, "missing_lines": [401, 402, 403, 404, 405, 407, 408, 409], "excluded_lines": [], "start_line": 399}, "": {"executed_lines": [], "summary": {"covered_lines": 0, "num_statements": 48, "percent_covered": 0.0, "percent_covered_display": "0", "missing_lines": 48, "excluded_lines": 0, "percent_statements_covered": 0.0, "percent_statements_covered_display": "0"}, "missing_lines": [7, 9, 10, 11, 12, 13, 16, 18, 19, 20, 21, 22, 23, 26, 27, 30, 31, 32, 33, 34, 36, 40, 43, 47, 53, 60, 67, 86, 115, 130, 148, 178, 181, 184, 197, 209, 214, 217, 223, 232, 245, 260, 301, 335, 356, 372, 386, 399], "excluded_lines": [], "start_line": 1}}, "classes": {"DependencyType": {"executed_lines": [], "summary": {"covered_lines": 0, "num_statements": 0, "percent_covered": 100.0, "percent_covered_display": "100", "missing_lines": 0, "excluded_lines": 0, "percent_statements_covered": 100.0, "percent_statements_covered_display": "100"}, "missing_lines": [], "excluded_lines": [], "start_line": 16}, "Dependency": {"executed_lines": [], "summary": {"covered_lines": 0, "num_statements": 1, "percent_covered": 0.0, "percent_covered_display": "0", "missing_lines": 1, "excluded_lines": 0, "percent_statements_covered": 0.0, "percent_statements_covered_display": "0"}, "missing_lines": [37], "excluded_lines": [], "start_line": 27}, "DependencyGraph": {"executed_lines": [], "summary": {"covered_lines": 0, "num_statements": 74, "percent_covered": 0.0, "percent_covered_display": "0", "missing_lines": 74, "excluded_lines": 0, "percent_statements_covered": 0.0, "percent_statements_covered_display": "0"}, "missing_lines": [44, 45, 49, 50, 51, 55, 56, 57, 58, 62, 63, 64, 65, 69, 70, 72, 73, 74, 75, 77, 78, 79, 80, 81, 83, 84, 88, 89, 91, 92, 94, 95, 96, 97, 98, 100, 101, 103, 104, 106, 107, 108, 110, 111, 113, 117, 119, 120, 121, 122, 124, 125, 126, 128, 132, 134, 135, 136, 137, 140, 141, 142, 143, 144, 146, 157, 158, 160, 161, 163, 164, 165, 174, 175], "excluded_lines": [], "start_line": 40}, "DependencyAnalyzer": {"executed_lines": [], "summary": {"covered_lines": 0, "num_statements": 18, "percent_covered": 0.0, "percent_covered_display": "0", "missing_lines": 18, "excluded_lines": 0, "percent_statements_covered": 0.0, "percent_statements_covered_display": "0"}, "missing_lines": [182, 186, 187, 189, 190, 191, 192, 193, 194, 195, 199, 200, 201, 202, 205, 206, 207, 211], "excluded_lines": [], "start_line": 178}, "DependencyVisitor": {"executed_lines": [], "summary": {"covered_lines": 0, "num_statements": 97, "percent_covered": 0.0, "percent_covered_display": "0", "missing_lines": 97, "excluded_lines": 0, "percent_statements_covered": 0.0, "percent_statements_covered_display": "0"}, "missing_lines": [218, 219, 220, 221, 225, 226, 227, 228, 229, 230, 234, 235, 236, 242, 243, 247, 248, 249, 250, 251, 257, 258, 262, 263, 266, 267, 268, 269, 275, 276, 277, 278, 284, 287, 288, 289, 290, 296, 298, 299, 303, 304, 306, 309, 310, 311, 312, 318, 321, 322, 323, 324, 330, 332, 333, 337, 338, 340, 341, 342, 343, 345, 346, 352, 354, 358, 359, 361, 362, 368, 370, 374, 375, 377, 378, 379, 381, 382, 384, 388, 389, 390, 391, 392, 393, 394, 395, 396, 397, 401, 402, 403, 404, 405, 407, 408, 409], "excluded_lines": [], "start_line": 214}, "": {"executed_lines": [], "summary": {"covered_lines": 0, "num_statements": 48, "percent_covered": 0.0, "percent_covered_display": "0", "missing_lines": 48, "excluded_lines": 0, "percent_statements_covered": 0.0, "percent_statements_covered_display": "0"}, "missing_lines": [7, 9, 10, 11, 12, 13, 16, 18, 19, 20, 21, 22, 23, 26, 27, 30, 31, 32, 33, 34, 36, 40, 43, 47, 53, 60, 67, 86, 115, 130, 148, 178, 181, 184, 197, 209, 214, 217, 223, 232, 245, 260, 301, 335, 356, 372, 386, 399], "excluded_lines": [], "start_line": 1}}}, "code_analysis\\semantic_graph.py": {"executed_lines": [], "summary": {"covered_lines": 0, "num_statements": 220, "percent_covered": 0.0, "percent_covered_display": "0", "missing_lines": 220, "excluded_lines": 0, "percent_statements_covered": 0.0, "percent_statements_covered_display": "0"}, "missing_lines": [7, 9, 10, 11, 12, 13, 14, 17, 19, 20, 21, 22, 23, 24, 27, 28, 31, 32, 33, 34, 35, 36, 39, 40, 41, 44, 45, 48, 49, 50, 51, 52, 55, 57, 59, 78, 81, 82, 83, 84, 86, 88, 91, 92, 93, 94, 96, 98, 100, 102, 103, 104, 105, 107, 109, 110, 112, 113, 114, 115, 116, 118, 120, 122, 124, 126, 127, 128, 129, 131, 133, 137, 138, 139, 141, 143, 144, 146, 147, 148, 150, 151, 153, 155, 161, 164, 166, 167, 168, 169, 170, 172, 174, 176, 177, 178, 179, 182, 183, 186, 188, 199, 201, 203, 204, 205, 206, 209, 210, 212, 214, 216, 217, 219, 220, 230, 231, 232, 233, 234, 235, 236, 238, 241, 242, 243, 246, 247, 249, 251, 252, 260, 261, 262, 263, 265, 267, 269, 270, 272, 273, 274, 276, 277, 294, 296, 297, 298, 299, 302, 305, 306, 308, 310, 311, 313, 314, 315, 318, 325, 328, 329, 331, 332, 334, 336, 337, 338, 339, 341, 342, 343, 346, 349, 350, 351, 352, 353, 355, 357, 358, 359, 360, 361, 363, 365, 366, 368, 369, 371, 383, 385, 386, 388, 390, 391, 394, 397, 398, 401, 403, 418, 420, 422, 424, 425, 426, 427, 428, 429, 430, 431, 433, 435, 437, 438, 439, 440, 441, 443], "excluded_lines": [], "functions": {"CodeNode.to_dict": {"executed_lines": [], "summary": {"covered_lines": 0, "num_statements": 1, "percent_covered": 0.0, "percent_covered_display": "0", "missing_lines": 1, "excluded_lines": 0, "percent_statements_covered": 0.0, "percent_statements_covered_display": "0"}, "missing_lines": [59], "excluded_lines": [], "start_line": 57}, "SemanticGraph.__init__": {"executed_lines": [], "summary": {"covered_lines": 0, "num_statements": 3, "percent_covered": 0.0, "percent_covered_display": "0", "missing_lines": 3, "excluded_lines": 0, "percent_statements_covered": 0.0, "percent_statements_covered_display": "0"}, "missing_lines": [82, 83, 84], "excluded_lines": [], "start_line": 81}, "SemanticGraph.add_node": {"executed_lines": [], "summary": {"covered_lines": 0, "num_statements": 5, "percent_covered": 0.0, "percent_covered_display": "0", "missing_lines": 5, "excluded_lines": 0, "percent_statements_covered": 0.0, "percent_statements_covered_display": "0"}, "missing_lines": [88, 91, 92, 93, 94], "excluded_lines": [], "start_line": 86}, "SemanticGraph.get_node": {"executed_lines": [], "summary": {"covered_lines": 0, "num_statements": 1, "percent_covered": 0.0, "percent_covered_display": "0", "missing_lines": 1, "excluded_lines": 0, "percent_statements_covered": 0.0, "percent_statements_covered_display": "0"}, "missing_lines": [98], "excluded_lines": [], "start_line": 96}, "SemanticGraph.get_children": {"executed_lines": [], "summary": {"covered_lines": 0, "num_statements": 4, "percent_covered": 0.0, "percent_covered_display": "0", "missing_lines": 4, "excluded_lines": 0, "percent_statements_covered": 0.0, "percent_statements_covered_display": "0"}, "missing_lines": [102, 103, 104, 105], "excluded_lines": [], "start_line": 100}, "SemanticGraph.get_descendants": {"executed_lines": [], "summary": {"covered_lines": 0, "num_statements": 8, "percent_covered": 0.0, "percent_covered_display": "0", "missing_lines": 8, "excluded_lines": 0, "percent_statements_covered": 0.0, "percent_statements_covered_display": "0"}, "missing_lines": [109, 110, 112, 113, 114, 115, 116, 118], "excluded_lines": [], "start_line": 107}, "SemanticGraph.get_modules": {"executed_lines": [], "summary": {"covered_lines": 0, "num_statements": 1, "percent_covered": 0.0, "percent_covered_display": "0", "missing_lines": 1, "excluded_lines": 0, "percent_statements_covered": 0.0, "percent_statements_covered_display": "0"}, "missing_lines": [122], "excluded_lines": [], "start_line": 120}, "SemanticGraph.get_classes": {"executed_lines": [], "summary": {"covered_lines": 0, "num_statements": 4, "percent_covered": 0.0, "percent_covered_display": "0", "missing_lines": 4, "excluded_lines": 0, "percent_statements_covered": 0.0, "percent_statements_covered_display": "0"}, "missing_lines": [126, 127, 128, 129], "excluded_lines": [], "start_line": 124}, "SemanticGraph.get_functions": {"executed_lines": [], "summary": {"covered_lines": 0, "num_statements": 4, "percent_covered": 0.0, "percent_covered_display": "0", "missing_lines": 4, "excluded_lines": 0, "percent_statements_covered": 0.0, "percent_statements_covered_display": "0"}, "missing_lines": [133, 137, 138, 139], "excluded_lines": [], "start_line": 131}, "SemanticGraph.search": {"executed_lines": [], "summary": {"covered_lines": 0, "num_statements": 8, "percent_covered": 0.0, "percent_covered_display": "0", "missing_lines": 8, "excluded_lines": 0, "percent_statements_covered": 0.0, "percent_statements_covered_display": "0"}, "missing_lines": [143, 144, 146, 147, 148, 150, 151, 153], "excluded_lines": [], "start_line": 141}, "SemanticGraph.get_call_graph": {"executed_lines": [], "summary": {"covered_lines": 0, "num_statements": 8, "percent_covered": 0.0, "percent_covered_display": "0", "missing_lines": 8, "excluded_lines": 0, "percent_statements_covered": 0.0, "percent_statements_covered_display": "0"}, "missing_lines": [161, 164, 166, 167, 168, 169, 170, 172], "excluded_lines": [], "start_line": 155}, "SemanticGraph.calculate_complexity_metrics": {"executed_lines": [], "summary": {"covered_lines": 0, "num_statements": 8, "percent_covered": 0.0, "percent_covered_display": "0", "missing_lines": 8, "excluded_lines": 0, "percent_statements_covered": 0.0, "percent_statements_covered_display": "0"}, "missing_lines": [176, 177, 178, 179, 182, 183, 186, 188], "excluded_lines": [], "start_line": 174}, "SemanticGraph.visualize": {"executed_lines": [], "summary": {"covered_lines": 0, "num_statements": 8, "percent_covered": 0.0, "percent_covered_display": "0", "missing_lines": 8, "excluded_lines": 0, "percent_statements_covered": 0.0, "percent_statements_covered_display": "0"}, "missing_lines": [201, 203, 204, 205, 206, 209, 210, 212], "excluded_lines": [], "start_line": 199}, "SemanticGraph._visualize_node": {"executed_lines": [], "summary": {"covered_lines": 0, "num_statements": 17, "percent_covered": 0.0, "percent_covered_display": "0", "missing_lines": 17, "excluded_lines": 0, "percent_statements_covered": 0.0, "percent_statements_covered_display": "0"}, "missing_lines": [216, 217, 219, 220, 230, 231, 232, 233, 234, 235, 236, 238, 241, 242, 243, 246, 247], "excluded_lines": [], "start_line": 214}, "SemanticGraph.save_to_dsm": {"executed_lines": [], "summary": {"covered_lines": 0, "num_statements": 6, "percent_covered": 0.0, "percent_covered_display": "0", "missing_lines": 6, "excluded_lines": 0, "percent_statements_covered": 0.0, "percent_statements_covered_display": "0"}, "missing_lines": [251, 252, 260, 261, 262, 263], "excluded_lines": [], "start_line": 249}, "SemanticGraph.load_from_dsm": {"executed_lines": [], "summary": {"covered_lines": 0, "num_statements": 13, "percent_covered": 0.0, "percent_covered_display": "0", "missing_lines": 13, "excluded_lines": 0, "percent_statements_covered": 0.0, "percent_statements_covered_display": "0"}, "missing_lines": [267, 269, 270, 272, 273, 274, 276, 277, 294, 296, 297, 298, 299], "excluded_lines": [], "start_line": 265}, "SemanticGraphBuilder.__init__": {"executed_lines": [], "summary": {"covered_lines": 0, "num_statements": 1, "percent_covered": 0.0, "percent_covered_display": "0", "missing_lines": 1, "excluded_lines": 0, "percent_statements_covered": 0.0, "percent_statements_covered_display": "0"}, "missing_lines": [306], "excluded_lines": [], "start_line": 305}, "SemanticGraphBuilder.build_from_file": {"executed_lines": [], "summary": {"covered_lines": 0, "num_statements": 11, "percent_covered": 0.0, "percent_covered_display": "0", "missing_lines": 11, "excluded_lines": 0, "percent_statements_covered": 0.0, "percent_statements_covered_display": "0"}, "missing_lines": [310, 311, 313, 314, 315, 318, 325, 328, 329, 331, 332], "excluded_lines": [], "start_line": 308}, "SemanticGraphBuilder.build_from_directory": {"executed_lines": [], "summary": {"covered_lines": 0, "num_statements": 7, "percent_covered": 0.0, "percent_covered_display": "0", "missing_lines": 7, "excluded_lines": 0, "percent_statements_covered": 0.0, "percent_statements_covered_display": "0"}, "missing_lines": [336, 337, 338, 339, 341, 342, 343], "excluded_lines": [], "start_line": 334}, "SemanticGraphVisitor.__init__": {"executed_lines": [], "summary": {"covered_lines": 0, "num_statements": 4, "percent_covered": 0.0, "percent_covered_display": "0", "missing_lines": 4, "excluded_lines": 0, "percent_statements_covered": 0.0, "percent_statements_covered_display": "0"}, "missing_lines": [350, 351, 352, 353], "excluded_lines": [], "start_line": 349}, "SemanticGraphVisitor._get_full_name": {"executed_lines": [], "summary": {"covered_lines": 0, "num_statements": 5, "percent_covered": 0.0, "percent_covered_display": "0", "missing_lines": 5, "excluded_lines": 0, "percent_statements_covered": 0.0, "percent_statements_covered_display": "0"}, "missing_lines": [357, 358, 359, 360, 361], "excluded_lines": [], "start_line": 355}, "SemanticGraphVisitor.visit_ClassDef": {"executed_lines": [], "summary": {"covered_lines": 0, "num_statements": 8, "percent_covered": 0.0, "percent_covered_display": "0", "missing_lines": 8, "excluded_lines": 0, "percent_statements_covered": 0.0, "percent_statements_covered_display": "0"}, "missing_lines": [365, 366, 368, 369, 371, 383, 385, 386], "excluded_lines": [], "start_line": 363}, "SemanticGraphVisitor.visit_FunctionDef": {"executed_lines": [], "summary": {"covered_lines": 0, "num_statements": 9, "percent_covered": 0.0, "percent_covered_display": "0", "missing_lines": 9, "excluded_lines": 0, "percent_statements_covered": 0.0, "percent_statements_covered_display": "0"}, "missing_lines": [390, 391, 394, 397, 398, 401, 403, 418, 420], "excluded_lines": [], "start_line": 388}, "SemanticGraphVisitor._get_decorator_name": {"executed_lines": [], "summary": {"covered_lines": 0, "num_statements": 8, "percent_covered": 0.0, "percent_covered_display": "0", "missing_lines": 8, "excluded_lines": 0, "percent_statements_covered": 0.0, "percent_statements_covered_display": "0"}, "missing_lines": [424, 425, 426, 427, 428, 429, 430, 431], "excluded_lines": [], "start_line": 422}, "SemanticGraphVisitor._calculate_complexity": {"executed_lines": [], "summary": {"covered_lines": 0, "num_statements": 7, "percent_covered": 0.0, "percent_covered_display": "0", "missing_lines": 7, "excluded_lines": 0, "percent_statements_covered": 0.0, "percent_statements_covered_display": "0"}, "missing_lines": [435, 437, 438, 439, 440, 441, 443], "excluded_lines": [], "start_line": 433}, "": {"executed_lines": [], "summary": {"covered_lines": 0, "num_statements": 61, "percent_covered": 0.0, "percent_covered_display": "0", "missing_lines": 61, "excluded_lines": 0, "percent_statements_covered": 0.0, "percent_statements_covered_display": "0"}, "missing_lines": [7, 9, 10, 11, 12, 13, 14, 17, 19, 20, 21, 22, 23, 24, 27, 28, 31, 32, 33, 34, 35, 36, 39, 40, 41, 44, 45, 48, 49, 50, 51, 52, 55, 57, 78, 81, 86, 96, 100, 107, 120, 124, 131, 141, 155, 174, 199, 214, 249, 265, 302, 305, 308, 334, 346, 349, 355, 363, 388, 422, 433], "excluded_lines": [], "start_line": 1}}, "classes": {"CodeNodeType": {"executed_lines": [], "summary": {"covered_lines": 0, "num_statements": 0, "percent_covered": 100.0, "percent_covered_display": "100", "missing_lines": 0, "excluded_lines": 0, "percent_statements_covered": 100.0, "percent_statements_covered_display": "100"}, "missing_lines": [], "excluded_lines": [], "start_line": 17}, "CodeNode": {"executed_lines": [], "summary": {"covered_lines": 0, "num_statements": 1, "percent_covered": 0.0, "percent_covered_display": "0", "missing_lines": 1, "excluded_lines": 0, "percent_statements_covered": 0.0, "percent_statements_covered_display": "0"}, "missing_lines": [59], "excluded_lines": [], "start_line": 28}, "SemanticGraph": {"executed_lines": [], "summary": {"covered_lines": 0, "num_statements": 98, "percent_covered": 0.0, "percent_covered_display": "0", "missing_lines": 98, "excluded_lines": 0, "percent_statements_covered": 0.0, "percent_statements_covered_display": "0"}, "missing_lines": [82, 83, 84, 88, 91, 92, 93, 94, 98, 102, 103, 104, 105, 109, 110, 112, 113, 114, 115, 116, 118, 122, 126, 127, 128, 129, 133, 137, 138, 139, 143, 144, 146, 147, 148, 150, 151, 153, 161, 164, 166, 167, 168, 169, 170, 172, 176, 177, 178, 179, 182, 183, 186, 188, 201, 203, 204, 205, 206, 209, 210, 212, 216, 217, 219, 220, 230, 231, 232, 233, 234, 235, 236, 238, 241, 242, 243, 246, 247, 251, 252, 260, 261, 262, 263, 267, 269, 270, 272, 273, 274, 276, 277, 294, 296, 297, 298, 299], "excluded_lines": [], "start_line": 78}, "SemanticGraphBuilder": {"executed_lines": [], "summary": {"covered_lines": 0, "num_statements": 19, "percent_covered": 0.0, "percent_covered_display": "0", "missing_lines": 19, "excluded_lines": 0, "percent_statements_covered": 0.0, "percent_statements_covered_display": "0"}, "missing_lines": [306, 310, 311, 313, 314, 315, 318, 325, 328, 329, 331, 332, 336, 337, 338, 339, 341, 342, 343], "excluded_lines": [], "start_line": 302}, "SemanticGraphVisitor": {"executed_lines": [], "summary": {"covered_lines": 0, "num_statements": 41, "percent_covered": 0.0, "percent_covered_display": "0", "missing_lines": 41, "excluded_lines": 0, "percent_statements_covered": 0.0, "percent_statements_covered_display": "0"}, "missing_lines": [350, 351, 352, 353, 357, 358, 359, 360, 361, 365, 366, 368, 369, 371, 383, 385, 386, 390, 391, 394, 397, 398, 401, 403, 418, 420, 424, 425, 426, 427, 428, 429, 430, 431, 435, 437, 438, 439, 440, 441, 443], "excluded_lines": [], "start_line": 346}, "": {"executed_lines": [], "summary": {"covered_lines": 0, "num_statements": 61, "percent_covered": 0.0, "percent_covered_display": "0", "missing_lines": 61, "excluded_lines": 0, "percent_statements_covered": 0.0, "percent_statements_covered_display": "0"}, "missing_lines": [7, 9, 10, 11, 12, 13, 14, 17, 19, 20, 21, 22, 23, 24, 27, 28, 31, 32, 33, 34, 35, 36, 39, 40, 41, 44, 45, 48, 49, 50, 51, 52, 55, 57, 78, 81, 86, 96, 100, 107, 120, 124, 131, 141, 155, 174, 199, 214, 249, 265, 302, 305, 308, 334, 346, 349, 355, 363, 388, 422, 433], "excluded_lines": [], "start_line": 1}}}, "debugging\\__init__.py": {"executed_lines": [10, 11, 12, 13, 15], "summary": {"covered_lines": 5, "num_statements": 5, "percent_covered": 100.0, "percent_covered_display": "100", "missing_lines": 0, "excluded_lines": 0, "percent_statements_covered": 100.0, "percent_statements_covered_display": "100"}, "missing_lines": [], "excluded_lines": [], "functions": {"": {"executed_lines": [10, 11, 12, 13, 15], "summary": {"covered_lines": 5, "num_statements": 5, "percent_covered": 100.0, "percent_covered_display": "100", "missing_lines": 0, "excluded_lines": 0, "percent_statements_covered": 100.0, "percent_statements_covered_display": "100"}, "missing_lines": [], "excluded_lines": [], "start_line": 1}}, "classes": {"": {"executed_lines": [10, 11, 12, 13, 15], "summary": {"covered_lines": 5, "num_statements": 5, "percent_covered": 100.0, "percent_covered_display": "100", "missing_lines": 0, "excluded_lines": 0, "percent_statements_covered": 100.0, "percent_statements_covered_display": "100"}, "missing_lines": [], "excluded_lines": [], "start_line": 1}}}, "debugging\\coverage_analyzer.py": {"executed_lines": [6, 8, 9, 10, 11, 14, 15, 18, 19, 20, 21, 22, 23, 24, 27, 28, 31, 32, 33, 34, 35, 38, 39, 42, 43, 44, 45, 46, 47, 48, 49, 52, 55, 56, 58, 60, 62, 63, 64, 66, 75, 76, 77, 79, 88, 90, 92, 94, 95, 97, 98, 99, 101, 102, 103, 105, 106, 108, 118, 119, 120, 123, 128, 131, 132, 135, 139, 150, 151, 152, 154, 156, 158, 159, 160, 161, 164, 165, 167, 168, 170, 171, 175, 176, 182, 189, 194, 196, 203, 205, 206, 221, 222, 228, 229, 230, 236, 237, 241, 246, 248, 250, 257, 288], "summary": {"covered_lines": 104, "num_statements": 159, "percent_covered": 65.40880503144655, "percent_covered_display": "65", "missing_lines": 55, "excluded_lines": 0, "percent_statements_covered": 65.40880503144655, "percent_statements_covered_display": "65"}, "missing_lines": [81, 82, 83, 84, 85, 86, 162, 191, 192, 210, 211, 216, 242, 259, 262, 263, 264, 270, 273, 274, 280, 281, 286, 290, 291, 292, 293, 294, 295, 296, 298, 299, 300, 301, 302, 304, 305, 311, 312, 313, 314, 315, 317, 318, 319, 320, 321, 323, 324, 325, 326, 327, 328, 330, 332], "excluded_lines": [], "functions": {"CoverageAnalyzer.__init__": {"executed_lines": [56], "summary": {"covered_lines": 1, "num_statements": 1, "percent_covered": 100.0, "percent_covered_display": "100", "missing_lines": 0, "excluded_lines": 0, "percent_statements_covered": 100.0, "percent_statements_covered_display": "100"}, "missing_lines": [], "excluded_lines": [], "start_line": 55}, "CoverageAnalyzer.run_coverage": {"executed_lines": [60, 62, 63, 64, 66, 75, 76, 77, 79], "summary": {"covered_lines": 9, "num_statements": 15, "percent_covered": 60.0, "percent_covered_display": "60", "missing_lines": 6, "excluded_lines": 0, "percent_statements_covered": 60.0, "percent_statements_covered_display": "60"}, "missing_lines": [81, 82, 83, 84, 85, 86], "excluded_lines": [], "start_line": 58}, "CoverageAnalyzer._parse_coverage_data": {"executed_lines": [90, 92, 94, 95, 97, 98, 99, 101, 102, 103, 105, 106, 108, 118, 119, 120, 123, 128, 131, 132, 135, 139, 150, 151, 152], "summary": {"covered_lines": 25, "num_statements": 25, "percent_covered": 100.0, "percent_covered_display": "100", "missing_lines": 0, "excluded_lines": 0, "percent_statements_covered": 100.0, "percent_statements_covered_display": "100"}, "missing_lines": [], "excluded_lines": [], "start_line": 88}, "CoverageAnalyzer._analyze_function_coverage": {"executed_lines": [156, 158, 159, 160, 161, 164, 165, 167, 168, 170, 171, 175, 176, 182, 189, 194], "summary": {"covered_lines": 16, "num_statements": 19, "percent_covered": 84.21052631578948, "percent_covered_display": "84", "missing_lines": 3, "excluded_lines": 0, "percent_statements_covered": 84.21052631578948, "percent_statements_covered_display": "84"}, "missing_lines": [162, 191, 192], "excluded_lines": [], "start_line": 154}, "CoverageAnalyzer._generate_recommendations": {"executed_lines": [203, 205, 206, 221, 222, 228, 229, 230, 236, 237, 241, 246], "summary": {"covered_lines": 12, "num_statements": 16, "percent_covered": 75.0, "percent_covered_display": "75", "missing_lines": 4, "excluded_lines": 0, "percent_statements_covered": 75.0, "percent_statements_covered_display": "75"}, "missing_lines": [210, 211, 216, 242], "excluded_lines": [], "start_line": 196}, "CoverageAnalyzer._create_empty_report": {"executed_lines": [250], "summary": {"covered_lines": 1, "num_statements": 1, "percent_covered": 100.0, "percent_covered_display": "100", "missing_lines": 0, "excluded_lines": 0, "percent_statements_covered": 100.0, "percent_statements_covered_display": "100"}, "missing_lines": [], "excluded_lines": [], "start_line": 248}, "CoverageAnalyzer.identify_critical_gaps": {"executed_lines": [], "summary": {"covered_lines": 0, "num_statements": 10, "percent_covered": 0.0, "percent_covered_display": "0", "missing_lines": 10, "excluded_lines": 0, "percent_statements_covered": 0.0, "percent_statements_covered_display": "0"}, "missing_lines": [259, 262, 263, 264, 270, 273, 274, 280, 281, 286], "excluded_lines": [], "start_line": 257}, "CoverageAnalyzer.format_report": {"executed_lines": [], "summary": {"covered_lines": 0, "num_statements": 32, "percent_covered": 0.0, "percent_covered_display": "0", "missing_lines": 32, "excluded_lines": 0, "percent_statements_covered": 0.0, "percent_statements_covered_display": "0"}, "missing_lines": [290, 291, 292, 293, 294, 295, 296, 298, 299, 300, 301, 302, 304, 305, 311, 312, 313, 314, 315, 317, 318, 319, 320, 321, 323, 324, 325, 326, 327, 328, 330, 332], "excluded_lines": [], "start_line": 288}, "": {"executed_lines": [6, 8, 9, 10, 11, 14, 15, 18, 19, 20, 21, 22, 23, 24, 27, 28, 31, 32, 33, 34, 35, 38, 39, 42, 43, 44, 45, 46, 47, 48, 49, 52, 55, 58, 88, 154, 196, 248, 257, 288], "summary": {"covered_lines": 40, "num_statements": 40, "percent_covered": 100.0, "percent_covered_display": "100", "missing_lines": 0, "excluded_lines": 0, "percent_statements_covered": 100.0, "percent_statements_covered_display": "100"}, "missing_lines": [], "excluded_lines": [], "start_line": 1}}, "classes": {"FileCoverage": {"executed_lines": [], "summary": {"covered_lines": 0, "num_statements": 0, "percent_covered": 100.0, "percent_covered_display": "100", "missing_lines": 0, "excluded_lines": 0, "percent_statements_covered": 100.0, "percent_statements_covered_display": "100"}, "missing_lines": [], "excluded_lines": [], "start_line": 15}, "FunctionCoverage": {"executed_lines": [], "summary": {"covered_lines": 0, "num_statements": 0, "percent_covered": 100.0, "percent_covered_display": "100", "missing_lines": 0, "excluded_lines": 0, "percent_statements_covered": 100.0, "percent_statements_covered_display": "100"}, "missing_lines": [], "excluded_lines": [], "start_line": 28}, "CoverageReport": {"executed_lines": [], "summary": {"covered_lines": 0, "num_statements": 0, "percent_covered": 100.0, "percent_covered_display": "100", "missing_lines": 0, "excluded_lines": 0, "percent_statements_covered": 100.0, "percent_statements_covered_display": "100"}, "missing_lines": [], "excluded_lines": [], "start_line": 39}, "CoverageAnalyzer": {"executed_lines": [56, 60, 62, 63, 64, 66, 75, 76, 77, 79, 90, 92, 94, 95, 97, 98, 99, 101, 102, 103, 105, 106, 108, 118, 119, 120, 123, 128, 131, 132, 135, 139, 150, 151, 152, 156, 158, 159, 160, 161, 164, 165, 167, 168, 170, 171, 175, 176, 182, 189, 194, 203, 205, 206, 221, 222, 228, 229, 230, 236, 237, 241, 246, 250], "summary": {"covered_lines": 64, "num_statements": 119, "percent_covered": 53.78151260504202, "percent_covered_display": "54", "missing_lines": 55, "excluded_lines": 0, "percent_statements_covered": 53.78151260504202, "percent_statements_covered_display": "54"}, "missing_lines": [81, 82, 83, 84, 85, 86, 162, 191, 192, 210, 211, 216, 242, 259, 262, 263, 264, 270, 273, 274, 280, 281, 286, 290, 291, 292, 293, 294, 295, 296, 298, 299, 300, 301, 302, 304, 305, 311, 312, 313, 314, 315, 317, 318, 319, 320, 321, 323, 324, 325, 326, 327, 328, 330, 332], "excluded_lines": [], "start_line": 52}, "": {"executed_lines": [6, 8, 9, 10, 11, 14, 15, 18, 19, 20, 21, 22, 23, 24, 27, 28, 31, 32, 33, 34, 35, 38, 39, 42, 43, 44, 45, 46, 47, 48, 49, 52, 55, 58, 88, 154, 196, 248, 257, 288], "summary": {"covered_lines": 40, "num_statements": 40, "percent_covered": 100.0, "percent_covered_display": "100", "missing_lines": 0, "excluded_lines": 0, "percent_statements_covered": 100.0, "percent_statements_covered_display": "100"}, "missing_lines": [], "excluded_lines": [], "start_line": 1}}}, "debugging\\debugger_integration.py": {"executed_lines": [10, 11, 12, 13, 14, 15, 16, 19, 21, 22, 23, 24, 27, 28, 37, 38, 47, 48, 57, 60, 61, 62, 64, 73, 76, 79, 82, 84, 92, 94, 95, 96, 97, 100, 102, 103, 104, 105, 106, 107, 108, 112, 120, 122, 124, 126, 128, 132, 133, 142, 143, 144, 153, 163, 165, 167, 170, 171, 174, 177, 178, 179, 191, 192, 196, 197, 198, 200, 202, 204, 205, 206, 210, 228, 230, 232, 234, 238, 241, 244, 246], "summary": {"covered_lines": 81, "num_statements": 119, "percent_covered": 68.0672268907563, "percent_covered_display": "68", "missing_lines": 38, "excluded_lines": 0, "percent_statements_covered": 68.0672268907563, "percent_statements_covered_display": "68"}, "missing_lines": [109, 110, 129, 154, 155, 168, 175, 176, 180, 181, 182, 183, 184, 185, 186, 187, 188, 193, 207, 208, 213, 214, 216, 219, 220, 221, 222, 223, 224, 226, 235, 239, 242, 253, 261, 262, 266, 272], "excluded_lines": [], "functions": {"DebuggerIntegration.__init__": {"executed_lines": [61, 62], "summary": {"covered_lines": 2, "num_statements": 2, "percent_covered": 100.0, "percent_covered_display": "100", "missing_lines": 0, "excluded_lines": 0, "percent_statements_covered": 100.0, "percent_statements_covered_display": "100"}, "missing_lines": [], "excluded_lines": [], "start_line": 60}, "DebuggerIntegration.analyze_exception": {"executed_lines": [73, 76, 79, 82, 84], "summary": {"covered_lines": 5, "num_statements": 5, "percent_covered": 100.0, "percent_covered_display": "100", "missing_lines": 0, "excluded_lines": 0, "percent_statements_covered": 100.0, "percent_statements_covered_display": "100"}, "missing_lines": [], "excluded_lines": [], "start_line": 64}, "DebuggerIntegration._extract_stack_frames": {"executed_lines": [94, 95, 96, 97, 100, 102, 103, 104, 105, 106, 107, 108, 112, 120, 122], "summary": {"covered_lines": 15, "num_statements": 17, "percent_covered": 88.23529411764706, "percent_covered_display": "88", "missing_lines": 2, "excluded_lines": 0, "percent_statements_covered": 88.23529411764706, "percent_statements_covered_display": "88"}, "missing_lines": [109, 110], "excluded_lines": [], "start_line": 92}, "DebuggerIntegration._suggest_breakpoints": {"executed_lines": [126, 128, 132, 133, 142, 143, 144, 153, 163], "summary": {"covered_lines": 9, "num_statements": 12, "percent_covered": 75.0, "percent_covered_display": "75", "missing_lines": 3, "excluded_lines": 0, "percent_statements_covered": 75.0, "percent_statements_covered_display": "75"}, "missing_lines": [129, 154, 155], "excluded_lines": [], "start_line": 124}, "DebuggerIntegration._analyze_root_cause": {"executed_lines": [167, 170, 171, 174, 177, 178, 179, 191, 192, 196, 197, 198, 200], "summary": {"covered_lines": 13, "num_statements": 26, "percent_covered": 50.0, "percent_covered_display": "50", "missing_lines": 13, "excluded_lines": 0, "percent_statements_covered": 50.0, "percent_statements_covered_display": "50"}, "missing_lines": [168, 175, 176, 180, 181, 182, 183, 184, 185, 186, 187, 188, 193], "excluded_lines": [], "start_line": 165}, "DebuggerIntegration._is_workspace_file": {"executed_lines": [204, 205, 206], "summary": {"covered_lines": 3, "num_statements": 5, "percent_covered": 60.0, "percent_covered_display": "60", "missing_lines": 2, "excluded_lines": 0, "percent_statements_covered": 60.0, "percent_statements_covered_display": "60"}, "missing_lines": [207, 208], "excluded_lines": [], "start_line": 202}, "DebuggerIntegration._is_suspicious_call": {"executed_lines": [], "summary": {"covered_lines": 0, "num_statements": 10, "percent_covered": 0.0, "percent_covered_display": "0", "missing_lines": 10, "excluded_lines": 0, "percent_statements_covered": 0.0, "percent_statements_covered_display": "0"}, "missing_lines": [213, 214, 216, 219, 220, 221, 222, 223, 224, 226], "excluded_lines": [], "start_line": 210}, "DebuggerIntegration._find_suspicious_variables": {"executed_lines": [230, 232, 234, 238, 241, 244], "summary": {"covered_lines": 6, "num_statements": 9, "percent_covered": 66.66666666666667, "percent_covered_display": "67", "missing_lines": 3, "excluded_lines": 0, "percent_statements_covered": 66.66666666666667, "percent_statements_covered_display": "67"}, "missing_lines": [235, 239, 242], "excluded_lines": [], "start_line": 228}, "DebuggerIntegration.generate_debug_script": {"executed_lines": [], "summary": {"covered_lines": 0, "num_statements": 5, "percent_covered": 0.0, "percent_covered_display": "0", "missing_lines": 5, "excluded_lines": 0, "percent_statements_covered": 0.0, "percent_statements_covered_display": "0"}, "missing_lines": [253, 261, 262, 266, 272], "excluded_lines": [], "start_line": 246}, "": {"executed_lines": [10, 11, 12, 13, 14, 15, 16, 19, 21, 22, 23, 24, 27, 28, 37, 38, 47, 48, 57, 60, 64, 92, 124, 165, 202, 210, 228, 246], "summary": {"covered_lines": 28, "num_statements": 28, "percent_covered": 100.0, "percent_covered_display": "100", "missing_lines": 0, "excluded_lines": 0, "percent_statements_covered": 100.0, "percent_statements_covered_display": "100"}, "missing_lines": [], "excluded_lines": [], "start_line": 1}}, "classes": {"BreakpointStrategy": {"executed_lines": [], "summary": {"covered_lines": 0, "num_statements": 0, "percent_covered": 100.0, "percent_covered_display": "100", "missing_lines": 0, "excluded_lines": 0, "percent_statements_covered": 100.0, "percent_statements_covered_display": "100"}, "missing_lines": [], "excluded_lines": [], "start_line": 19}, "BreakpointLocation": {"executed_lines": [], "summary": {"covered_lines": 0, "num_statements": 0, "percent_covered": 100.0, "percent_covered_display": "100", "missing_lines": 0, "excluded_lines": 0, "percent_statements_covered": 100.0, "percent_statements_covered_display": "100"}, "missing_lines": [], "excluded_lines": [], "start_line": 28}, "StackFrame": {"executed_lines": [], "summary": {"covered_lines": 0, "num_statements": 0, "percent_covered": 100.0, "percent_covered_display": "100", "missing_lines": 0, "excluded_lines": 0, "percent_statements_covered": 100.0, "percent_statements_covered_display": "100"}, "missing_lines": [], "excluded_lines": [], "start_line": 38}, "DebugSession": {"executed_lines": [], "summary": {"covered_lines": 0, "num_statements": 0, "percent_covered": 100.0, "percent_covered_display": "100", "missing_lines": 0, "excluded_lines": 0, "percent_statements_covered": 100.0, "percent_statements_covered_display": "100"}, "missing_lines": [], "excluded_lines": [], "start_line": 48}, "DebuggerIntegration": {"executed_lines": [61, 62, 73, 76, 79, 82, 84, 94, 95, 96, 97, 100, 102, 103, 104, 105, 106, 107, 108, 112, 120, 122, 126, 128, 132, 133, 142, 143, 144, 153, 163, 167, 170, 171, 174, 177, 178, 179, 191, 192, 196, 197, 198, 200, 204, 205, 206, 230, 232, 234, 238, 241, 244], "summary": {"covered_lines": 53, "num_statements": 91, "percent_covered": 58.24175824175824, "percent_covered_display": "58", "missing_lines": 38, "excluded_lines": 0, "percent_statements_covered": 58.24175824175824, "percent_statements_covered_display": "58"}, "missing_lines": [109, 110, 129, 154, 155, 168, 175, 176, 180, 181, 182, 183, 184, 185, 186, 187, 188, 193, 207, 208, 213, 214, 216, 219, 220, 221, 222, 223, 224, 226, 235, 239, 242, 253, 261, 262, 266, 272], "excluded_lines": [], "start_line": 57}, "": {"executed_lines": [10, 11, 12, 13, 14, 15, 16, 19, 21, 22, 23, 24, 27, 28, 37, 38, 47, 48, 57, 60, 64, 92, 124, 165, 202, 210, 228, 246], "summary": {"covered_lines": 28, "num_statements": 28, "percent_covered": 100.0, "percent_covered_display": "100", "missing_lines": 0, "excluded_lines": 0, "percent_statements_covered": 100.0, "percent_statements_covered_display": "100"}, "missing_lines": [], "excluded_lines": [], "start_line": 1}}}, "debugging\\profiler.py": {"executed_lines": [9, 10, 11, 12, 13, 14, 15, 18, 19, 30, 31, 39, 40, 48, 51, 52, 54, 65, 67, 68, 70, 71, 73, 75, 78, 79, 82, 84, 91, 131, 133, 135, 136, 139, 140, 142, 152, 154, 157, 160, 163, 166, 167, 168, 169, 175, 176, 177, 184, 185, 193, 196, 203, 205, 206, 207, 208, 209, 211], "summary": {"covered_lines": 59, "num_statements": 86, "percent_covered": 68.6046511627907, "percent_covered_display": "69", "missing_lines": 27, "excluded_lines": 0, "percent_statements_covered": 68.6046511627907, "percent_statements_covered_display": "69"}, "missing_lines": [101, 102, 104, 107, 113, 114, 115, 118, 119, 122, 124, 178, 186, 187, 194, 213, 223, 224, 225, 230, 236, 237, 242, 248, 249, 251, 253], "excluded_lines": [], "functions": {"Profiler.__init__": {"executed_lines": [52], "summary": {"covered_lines": 1, "num_statements": 1, "percent_covered": 100.0, "percent_covered_display": "100", "missing_lines": 0, "excluded_lines": 0, "percent_statements_covered": 100.0, "percent_statements_covered_display": "100"}, "missing_lines": [], "excluded_lines": [], "start_line": 51}, "Profiler.profile_function": {"executed_lines": [65, 67, 68, 70, 71, 73, 75, 78, 79, 82, 84], "summary": {"covered_lines": 11, "num_statements": 11, "percent_covered": 100.0, "percent_covered_display": "100", "missing_lines": 0, "excluded_lines": 0, "percent_statements_covered": 100.0, "percent_statements_covered_display": "100"}, "missing_lines": [], "excluded_lines": [], "start_line": 54}, "Profiler.profile_script": {"executed_lines": [], "summary": {"covered_lines": 0, "num_statements": 11, "percent_covered": 0.0, "percent_covered_display": "0", "missing_lines": 11, "excluded_lines": 0, "percent_statements_covered": 0.0, "percent_statements_covered_display": "0"}, "missing_lines": [101, 102, 104, 107, 113, 114, 115, 118, 119, 122, 124], "excluded_lines": [], "start_line": 91}, "Profiler._extract_function_profiles": {"executed_lines": [133, 135, 136, 139, 140, 142, 152], "summary": {"covered_lines": 7, "num_statements": 7, "percent_covered": 100.0, "percent_covered_display": "100", "missing_lines": 0, "excluded_lines": 0, "percent_statements_covered": 100.0, "percent_statements_covered_display": "100"}, "missing_lines": [], "excluded_lines": [], "start_line": 131}, "Profiler._analyze_bottlenecks": {"executed_lines": [157, 160, 163, 166, 167, 168, 169, 175, 176, 177, 184, 185, 193, 196], "summary": {"covered_lines": 14, "num_statements": 18, "percent_covered": 77.77777777777777, "percent_covered_display": "78", "missing_lines": 4, "excluded_lines": 0, "percent_statements_covered": 77.77777777777777, "percent_statements_covered_display": "78"}, "missing_lines": [178, 186, 187, 194], "excluded_lines": [], "start_line": 154}, "Profiler._is_workspace_file": {"executed_lines": [205, 206, 207, 208, 209], "summary": {"covered_lines": 5, "num_statements": 5, "percent_covered": 100.0, "percent_covered_display": "100", "missing_lines": 0, "excluded_lines": 0, "percent_statements_covered": 100.0, "percent_statements_covered_display": "100"}, "missing_lines": [], "excluded_lines": [], "start_line": 203}, "Profiler.format_report": {"executed_lines": [], "summary": {"covered_lines": 0, "num_statements": 12, "percent_covered": 0.0, "percent_covered_display": "0", "missing_lines": 12, "excluded_lines": 0, "percent_statements_covered": 0.0, "percent_statements_covered_display": "0"}, "missing_lines": [213, 223, 224, 225, 230, 236, 237, 242, 248, 249, 251, 253], "excluded_lines": [], "start_line": 211}, "": {"executed_lines": [9, 10, 11, 12, 13, 14, 15, 18, 19, 30, 31, 39, 40, 48, 51, 54, 91, 131, 154, 203, 211], "summary": {"covered_lines": 21, "num_statements": 21, "percent_covered": 100.0, "percent_covered_display": "100", "missing_lines": 0, "excluded_lines": 0, "percent_statements_covered": 100.0, "percent_statements_covered_display": "100"}, "missing_lines": [], "excluded_lines": [], "start_line": 1}}, "classes": {"FunctionProfile": {"executed_lines": [], "summary": {"covered_lines": 0, "num_statements": 0, "percent_covered": 100.0, "percent_covered_display": "100", "missing_lines": 0, "excluded_lines": 0, "percent_statements_covered": 100.0, "percent_statements_covered_display": "100"}, "missing_lines": [], "excluded_lines": [], "start_line": 19}, "BottleneckReport": {"executed_lines": [], "summary": {"covered_lines": 0, "num_statements": 0, "percent_covered": 100.0, "percent_covered_display": "100", "missing_lines": 0, "excluded_lines": 0, "percent_statements_covered": 100.0, "percent_statements_covered_display": "100"}, "missing_lines": [], "excluded_lines": [], "start_line": 31}, "ProfileResult": {"executed_lines": [], "summary": {"covered_lines": 0, "num_statements": 0, "percent_covered": 100.0, "percent_covered_display": "100", "missing_lines": 0, "excluded_lines": 0, "percent_statements_covered": 100.0, "percent_statements_covered_display": "100"}, "missing_lines": [], "excluded_lines": [], "start_line": 40}, "Profiler": {"executed_lines": [52, 65, 67, 68, 70, 71, 73, 75, 78, 79, 82, 84, 133, 135, 136, 139, 140, 142, 152, 157, 160, 163, 166, 167, 168, 169, 175, 176, 177, 184, 185, 193, 196, 205, 206, 207, 208, 209], "summary": {"covered_lines": 38, "num_statements": 65, "percent_covered": 58.46153846153846, "percent_covered_display": "58", "missing_lines": 27, "excluded_lines": 0, "percent_statements_covered": 58.46153846153846, "percent_statements_covered_display": "58"}, "missing_lines": [101, 102, 104, 107, 113, 114, 115, 118, 119, 122, 124, 178, 186, 187, 194, 213, 223, 224, 225, 230, 236, 237, 242, 248, 249, 251, 253], "excluded_lines": [], "start_line": 48}, "": {"executed_lines": [9, 10, 11, 12, 13, 14, 15, 18, 19, 30, 31, 39, 40, 48, 51, 54, 91, 131, 154, 203, 211], "summary": {"covered_lines": 21, "num_statements": 21, "percent_covered": 100.0, "percent_covered_display": "100", "missing_lines": 0, "excluded_lines": 0, "percent_statements_covered": 100.0, "percent_statements_covered_display": "100"}, "missing_lines": [], "excluded_lines": [], "start_line": 1}}}, "debugging\\test_debugging_real.py": {"executed_lines": [3, 4, 7, 9, 10, 11, 12, 15, 17, 18, 21, 22, 23, 24, 25, 26, 28, 29, 30, 31, 32, 33, 35, 36, 37, 38, 41, 43, 44, 46, 48, 49, 50, 51, 52, 54, 55, 57, 58, 59, 61, 62, 64, 65, 66, 69, 71, 72, 75, 76, 78, 79, 80, 82, 83, 85, 86, 87, 90, 92, 93, 95, 98, 99, 101, 102, 107, 108, 111], "summary": {"covered_lines": 69, "num_statements": 80, "percent_covered": 86.25, "percent_covered_display": "86", "missing_lines": 11, "excluded_lines": 0, "percent_statements_covered": 86.25, "percent_statements_covered_display": "86"}, "missing_lines": [103, 105, 106, 112, 114, 115, 116, 117, 119, 120, 121], "excluded_lines": [], "functions": {"test_debugger_on_real_error": {"executed_lines": [17, 18, 21, 22, 23, 24, 25, 26, 28, 29, 30, 31, 32, 33, 35, 36, 37, 38], "summary": {"covered_lines": 18, "num_statements": 18, "percent_covered": 100.0, "percent_covered_display": "100", "missing_lines": 0, "excluded_lines": 0, "percent_statements_covered": 100.0, "percent_statements_covered_display": "100"}, "missing_lines": [], "excluded_lines": [], "start_line": 15}, "test_profiler_on_real_function": {"executed_lines": [43, 44, 46, 54, 55, 57, 58, 59, 61, 62, 64, 65, 66], "summary": {"covered_lines": 13, "num_statements": 13, "percent_covered": 100.0, "percent_covered_display": "100", "missing_lines": 0, "excluded_lines": 0, "percent_statements_covered": 100.0, "percent_statements_covered_display": "100"}, "missing_lines": [], "excluded_lines": [], "start_line": 41}, "test_profiler_on_real_function.slow_function": {"executed_lines": [48, 49, 50, 51, 52], "summary": {"covered_lines": 5, "num_statements": 5, "percent_covered": 100.0, "percent_covered_display": "100", "missing_lines": 0, "excluded_lines": 0, "percent_statements_covered": 100.0, "percent_statements_covered_display": "100"}, "missing_lines": [], "excluded_lines": [], "start_line": 46}, "test_test_generator_on_real_code": {"executed_lines": [71, 72, 75, 76, 78, 79, 80, 82, 83, 85, 86, 87], "summary": {"covered_lines": 12, "num_statements": 12, "percent_covered": 100.0, "percent_covered_display": "100", "missing_lines": 0, "excluded_lines": 0, "percent_statements_covered": 100.0, "percent_statements_covered_display": "100"}, "missing_lines": [], "excluded_lines": [], "start_line": 69}, "test_coverage_analyzer": {"executed_lines": [92, 93, 95, 98, 99, 101, 102, 107, 108], "summary": {"covered_lines": 9, "num_statements": 12, "percent_covered": 75.0, "percent_covered_display": "75", "missing_lines": 3, "excluded_lines": 0, "percent_statements_covered": 75.0, "percent_statements_covered_display": "75"}, "missing_lines": [103, 105, 106], "excluded_lines": [], "start_line": 90}, "": {"executed_lines": [3, 4, 7, 9, 10, 11, 12, 15, 41, 69, 90, 111], "summary": {"covered_lines": 12, "num_statements": 20, "percent_covered": 60.0, "percent_covered_display": "60", "missing_lines": 8, "excluded_lines": 0, "percent_statements_covered": 60.0, "percent_statements_covered_display": "60"}, "missing_lines": [112, 114, 115, 116, 117, 119, 120, 121], "excluded_lines": [], "start_line": 1}}, "classes": {"": {"executed_lines": [3, 4, 7, 9, 10, 11, 12, 15, 17, 18, 21, 22, 23, 24, 25, 26, 28, 29, 30, 31, 32, 33, 35, 36, 37, 38, 41, 43, 44, 46, 48, 49, 50, 51, 52, 54, 55, 57, 58, 59, 61, 62, 64, 65, 66, 69, 71, 72, 75, 76, 78, 79, 80, 82, 83, 85, 86, 87, 90, 92, 93, 95, 98, 99, 101, 102, 107, 108, 111], "summary": {"covered_lines": 69, "num_statements": 80, "percent_covered": 86.25, "percent_covered_display": "86", "missing_lines": 11, "excluded_lines": 0, "percent_statements_covered": 86.25, "percent_statements_covered_display": "86"}, "missing_lines": [103, 105, 106, 112, 114, 115, 116, 117, 119, 120, 121], "excluded_lines": [], "start_line": 1}}}, "debugging\\test_generator.py": {"executed_lines": [10, 11, 12, 13, 14, 17, 18, 28, 29, 37, 40, 41, 43, 52, 53, 55, 57, 58, 59, 61, 62, 64, 65, 67, 69, 76, 78, 79, 82, 85, 95, 97, 107, 118, 119, 129, 131, 133, 135, 137, 139, 141, 143, 145, 147, 150, 152, 165, 180, 205], "summary": {"covered_lines": 50, "num_statements": 92, "percent_covered": 54.34782608695652, "percent_covered_display": "54", "missing_lines": 42, "excluded_lines": 0, "percent_statements_covered": 54.34782608695652, "percent_statements_covered_display": "54"}, "missing_lines": [108, 120, 136, 138, 140, 142, 144, 146, 148, 154, 156, 157, 158, 159, 160, 161, 163, 167, 169, 170, 171, 172, 173, 174, 175, 176, 178, 187, 195, 196, 199, 200, 201, 203, 207, 213, 214, 215, 217, 218, 219, 221], "excluded_lines": [], "functions": {"TestGenerator.__init__": {"executed_lines": [41], "summary": {"covered_lines": 1, "num_statements": 1, "percent_covered": 100.0, "percent_covered_display": "100", "missing_lines": 0, "excluded_lines": 0, "percent_statements_covered": 100.0, "percent_statements_covered_display": "100"}, "missing_lines": [], "excluded_lines": [], "start_line": 40}, "TestGenerator.generate_tests_for_file": {"executed_lines": [52, 53, 55, 57, 58, 59, 61, 62, 64, 65, 67, 69], "summary": {"covered_lines": 12, "num_statements": 12, "percent_covered": 100.0, "percent_covered_display": "100", "missing_lines": 0, "excluded_lines": 0, "percent_statements_covered": 100.0, "percent_statements_covered_display": "100"}, "missing_lines": [], "excluded_lines": [], "start_line": 43}, "TestGenerator._generate_test_cases_for_function": {"executed_lines": [78, 79, 82, 85, 95, 97, 107, 118, 119, 129], "summary": {"covered_lines": 10, "num_statements": 12, "percent_covered": 83.33333333333333, "percent_covered_display": "83", "missing_lines": 2, "excluded_lines": 0, "percent_statements_covered": 83.33333333333333, "percent_statements_covered_display": "83"}, "missing_lines": [108, 120], "excluded_lines": [], "start_line": 76}, "TestGenerator._generate_sample_value": {"executed_lines": [133, 135, 137, 139, 141, 143, 145, 147, 150], "summary": {"covered_lines": 9, "num_statements": 16, "percent_covered": 56.25, "percent_covered_display": "56", "missing_lines": 7, "excluded_lines": 0, "percent_statements_covered": 56.25, "percent_statements_covered_display": "56"}, "missing_lines": [136, 138, 140, 142, 144, 146, 148], "excluded_lines": [], "start_line": 131}, "TestGenerator._generate_empty_value": {"executed_lines": [], "summary": {"covered_lines": 0, "num_statements": 8, "percent_covered": 0.0, "percent_covered_display": "0", "missing_lines": 8, "excluded_lines": 0, "percent_statements_covered": 0.0, "percent_statements_covered_display": "0"}, "missing_lines": [154, 156, 157, 158, 159, 160, 161, 163], "excluded_lines": [], "start_line": 152}, "TestGenerator._generate_invalid_value": {"executed_lines": [], "summary": {"covered_lines": 0, "num_statements": 10, "percent_covered": 0.0, "percent_covered_display": "0", "missing_lines": 10, "excluded_lines": 0, "percent_statements_covered": 0.0, "percent_statements_covered_display": "0"}, "missing_lines": [167, 169, 170, 171, 172, 173, 174, 175, 176, 178], "excluded_lines": [], "start_line": 165}, "TestGenerator.write_test_file": {"executed_lines": [], "summary": {"covered_lines": 0, "num_statements": 7, "percent_covered": 0.0, "percent_covered_display": "0", "missing_lines": 7, "excluded_lines": 0, "percent_statements_covered": 0.0, "percent_statements_covered_display": "0"}, "missing_lines": [187, 195, 196, 199, 200, 201, 203], "excluded_lines": [], "start_line": 180}, "TestGenerator._format_test_case": {"executed_lines": [], "summary": {"covered_lines": 0, "num_statements": 8, "percent_covered": 0.0, "percent_covered_display": "0", "missing_lines": 8, "excluded_lines": 0, "percent_statements_covered": 0.0, "percent_statements_covered_display": "0"}, "missing_lines": [207, 213, 214, 215, 217, 218, 219, 221], "excluded_lines": [], "start_line": 205}, "": {"executed_lines": [10, 11, 12, 13, 14, 17, 18, 28, 29, 37, 40, 43, 76, 131, 152, 165, 180, 205], "summary": {"covered_lines": 18, "num_statements": 18, "percent_covered": 100.0, "percent_covered_display": "100", "missing_lines": 0, "excluded_lines": 0, "percent_statements_covered": 100.0, "percent_statements_covered_display": "100"}, "missing_lines": [], "excluded_lines": [], "start_line": 1}}, "classes": {"TestCase": {"executed_lines": [], "summary": {"covered_lines": 0, "num_statements": 0, "percent_covered": 100.0, "percent_covered_display": "100", "missing_lines": 0, "excluded_lines": 0, "percent_statements_covered": 100.0, "percent_statements_covered_display": "100"}, "missing_lines": [], "excluded_lines": [], "start_line": 18}, "TestSuite": {"executed_lines": [], "summary": {"covered_lines": 0, "num_statements": 0, "percent_covered": 100.0, "percent_covered_display": "100", "missing_lines": 0, "excluded_lines": 0, "percent_statements_covered": 100.0, "percent_statements_covered_display": "100"}, "missing_lines": [], "excluded_lines": [], "start_line": 29}, "TestGenerator": {"executed_lines": [41, 52, 53, 55, 57, 58, 59, 61, 62, 64, 65, 67, 69, 78, 79, 82, 85, 95, 97, 107, 118, 119, 129, 133, 135, 137, 139, 141, 143, 145, 147, 150], "summary": {"covered_lines": 32, "num_statements": 74, "percent_covered": 43.24324324324324, "percent_covered_display": "43", "missing_lines": 42, "excluded_lines": 0, "percent_statements_covered": 43.24324324324324, "percent_statements_covered_display": "43"}, "missing_lines": [108, 120, 136, 138, 140, 142, 144, 146, 148, 154, 156, 157, 158, 159, 160, 161, 163, 167, 169, 170, 171, 172, 173, 174, 175, 176, 178, 187, 195, 196, 199, 200, 201, 203, 207, 213, 214, 215, 217, 218, 219, 221], "excluded_lines": [], "start_line": 37}, "": {"executed_lines": [10, 11, 12, 13, 14, 17, 18, 28, 29, 37, 40, 43, 76, 131, 152, 165, 180, 205], "summary": {"covered_lines": 18, "num_statements": 18, "percent_covered": 100.0, "percent_covered_display": "100", "missing_lines": 0, "excluded_lines": 0, "percent_statements_covered": 100.0, "percent_statements_covered_display": "100"}, "missing_lines": [], "excluded_lines": [], "start_line": 1}}}, "llm.py": {"executed_lines": [], "summary": {"covered_lines": 0, "num_statements": 419, "percent_covered": 0.0, "percent_covered_display": "0", "missing_lines": 419, "excluded_lines": 0, "percent_statements_covered": 0.0, "percent_statements_covered_display": "0"}, "missing_lines": [3, 5, 6, 7, 9, 12, 13, 14, 15, 16, 17, 18, 19, 22, 23, 24, 25, 26, 27, 30, 31, 32, 33, 34, 35, 36, 37, 38, 39, 40, 41, 42, 44, 45, 46, 47, 49, 50, 51, 52, 53, 54, 55, 56, 57, 58, 59, 62, 63, 64, 65, 66, 67, 68, 69, 70, 71, 72, 73, 74, 75, 76, 77, 78, 79, 80, 81, 82, 83, 84, 85, 86, 87, 89, 90, 91, 92, 94, 95, 96, 97, 98, 99, 100, 103, 104, 107, 108, 109, 110, 113, 114, 119, 121, 122, 123, 125, 126, 127, 131, 132, 133, 134, 139, 140, 148, 149, 150, 152, 153, 157, 166, 167, 169, 170, 171, 173, 175, 176, 177, 178, 179, 181, 185, 189, 190, 191, 192, 193, 195, 196, 198, 199, 200, 201, 203, 205, 206, 207, 208, 209, 210, 211, 212, 213, 214, 215, 218, 219, 220, 221, 223, 224, 225, 226, 227, 228, 230, 231, 232, 233, 234, 236, 238, 239, 242, 244, 246, 258, 271, 272, 273, 276, 277, 278, 279, 280, 283, 288, 296, 297, 298, 299, 300, 303, 313, 314, 315, 318, 319, 320, 323, 332, 334, 335, 336, 337, 340, 341, 342, 345, 346, 347, 348, 350, 351, 352, 353, 354, 355, 356, 357, 358, 360, 362, 374, 375, 380, 391, 392, 393, 394, 399, 408, 419, 420, 421, 422, 423, 426, 427, 433, 435, 436, 438, 440, 442, 443, 444, 449, 450, 451, 453, 455, 456, 460, 469, 470, 471, 472, 477, 478, 479, 480, 481, 482, 483, 484, 486, 490, 509, 510, 511, 512, 513, 514, 515, 516, 517, 518, 519, 520, 521, 522, 524, 534, 535, 536, 537, 545, 546, 547, 549, 550, 551, 552, 553, 554, 555, 556, 557, 558, 563, 566, 568, 569, 570, 572, 573, 574, 575, 576, 579, 580, 581, 582, 584, 585, 586, 587, 588, 590, 591, 592, 593, 595, 596, 597, 598, 600, 601, 602, 603, 604, 605, 606, 607, 609, 611, 612, 613, 614, 616, 617, 618, 620, 621, 622, 623, 624, 625, 626, 627, 628, 629, 630, 631, 632, 6
[...]
percent_statements_covered_display": "0"}, "missing_lines": [254, 256, 257, 258, 259, 260, 270, 271, 273, 274, 275, 276, 277, 279], "excluded_lines": [], "start_line": 252}, "": {"executed_lines": [], "summary": {"covered_lines": 0, "num_statements": 53, "percent_covered": 0.0, "percent_covered_display": "0", "missing_lines": 53, "excluded_lines": 0, "percent_statements_covered": 0.0, "percent_statements_covered_display": "0"}, "missing_lines": [8, 10, 11, 12, 13, 14, 17, 19, 20, 21, 22, 23, 24, 25, 28, 30, 31, 32, 33, 34, 37, 38, 41, 42, 43, 44, 45, 48, 49, 52, 53, 54, 55, 58, 59, 60, 63, 65, 77, 82, 89, 96, 99, 102, 107, 111, 127, 150, 161, 169, 195, 232, 252], "excluded_lines": [], "start_line": 1}}, "classes": {"TaskStatus": {"executed_lines": [], "summary": {"covered_lines": 0, "num_statements": 0, "percent_covered": 100.0, "percent_covered_display": "100", "missing_lines": 0, "excluded_lines": 0, "percent_statements_covered": 100.0, "percent_statements_covered_display": "100"}, "missing_lines": [], "excluded_lines": [], "start_line": 17}, "TaskPriority": {"executed_lines": [], "summary": {"covered_lines": 0, "num_statements": 0, "percent_covered": 100.0, "percent_covered_display": "100", "missing_lines": 0, "excluded_lines": 0, "percent_statements_covered": 100.0, "percent_statements_covered_display": "100"}, "missing_lines": [], "excluded_lines": [], "start_line": 28}, "Task": {"executed_lines": [], "summary": {"covered_lines": 0, "num_statements": 16, "percent_covered": 0.0, "percent_covered_display": "0", "missing_lines": 16, "excluded_lines": 0, "percent_statements_covered": 0.0, "percent_statements_covered_display": "0"}, "missing_lines": [67, 68, 70, 71, 72, 73, 75, 79, 80, 84, 85, 86, 87, 91, 92, 93], "excluded_lines": [], "start_line": 38}, "TaskGraph": {"executed_lines": [], "summary": {"covered_lines": 0, "num_statements": 94, "percent_covered": 0.0, "percent_covered_display": "0", "missing_lines": 94, "excluded_lines": 0, "percent_statements_covered": 0.0, "percent_statements_covered_display": "0"}, "missing_lines": [100, 104, 105, 109, 116, 117, 120, 121, 123, 124, 125, 130, 132, 133, 134, 135, 136, 137, 139, 140, 141, 143, 144, 145, 146, 148, 152, 153, 154, 155, 158, 159, 163, 164, 165, 166, 167, 175, 176, 178, 180, 181, 182, 183, 184, 186, 188, 190, 191, 193, 198, 199, 201, 202, 203, 206, 207, 208, 209, 211, 212, 213, 214, 215, 218, 219, 221, 224, 225, 226, 227, 228, 230, 234, 235, 236, 237, 239, 240, 242, 254, 256, 257, 258, 259, 260, 270, 271, 273, 274, 275, 276, 277, 279], "excluded_lines": [], "start_line": 96}, "": {"executed_lines": [], "summary": {"covered_lines": 0, "num_statements": 53, "percent_covered": 0.0, "percent_covered_display": "0", "missing_lines": 53, "excluded_lines": 0, "percent_statements_covered": 0.0, "percent_statements_covered_display": "0"}, "missing_lines": [8, 10, 11, 12, 13, 14, 17, 19, 20, 21, 22, 23, 24, 25, 28, 30, 31, 32, 33, 34, 37, 38, 41, 42, 43, 44, 45, 48, 49, 52, 53, 54, 55, 58, 59, 60, 63, 65, 77, 82, 89, 96, 99, 102, 107, 111, 127, 150, 161, 169, 195, 232, 252], "excluded_lines": [], "start_line": 1}}}, "test_agent_name.py": {"executed_lines": [], "summary": {"covered_lines": 0, "num_statements": 25, "percent_covered": 0.0, "percent_covered_display": "0", "missing_lines": 25, "excluded_lines": 0, "percent_statements_covered": 0.0, "percent_statements_covered_display": "0"}, "missing_lines": [3, 5, 7, 9, 10, 11, 14, 15, 18, 19, 20, 23, 24, 25, 28, 29, 30, 33, 34, 35, 37, 38, 39, 41, 42], "excluded_lines": [], "functions": {"test_agent_name": {"executed_lines": [], "summary": {"covered_lines": 0, "num_statements": 21, "percent_covered": 0.0, "percent_covered_display": "0", "missing_lines": 21, "excluded_lines": 0, "percent_statements_covered": 0.0, "percent_statements_covered_display": "0"}, "missing_lines": [7, 9, 10, 11, 14, 15, 18, 19, 20, 23, 24, 25, 28, 29, 30, 33, 34, 35, 37, 38, 39], "excluded_lines": [], "start_line": 5}, "": {"executed_lines": [], "summary": {"covered_lines": 0, "num_statements": 4, "percent_covered": 0.0, "percent_covered_display": "0", "missing_lines": 4, "excluded_lines": 0, "percent_statements_covered": 0.0, "percent_statements_covered_display": "0"}, "missing_lines": [3, 5, 41, 42], "excluded_lines": [], "start_line": 1}}, "classes": {"": {"executed_lines": [], "summary": {"covered_lines": 0, "num_statements": 25, "percent_covered": 0.0, "percent_covered_display": "0", "missing_lines": 25, "excluded_lines": 0, "percent_statements_covered": 0.0, "percent_statements_covered_display": "0"}, "missing_lines": [3, 5, 7, 9, 10, 11, 14, 15, 18, 19, 20, 23, 24, 25, 28, 29, 30, 33, 34, 35, 37, 38, 39, 41, 42], "excluded_lines": [], "start_line": 1}}}, "test_persona_immersion.py": {"executed_lines": [], "summary": {"covered_lines": 0, "num_statements": 60, "percent_covered": 0.0, "percent_covered_display": "0", "missing_lines": 60, "excluded_lines": 0, "percent_statements_covered": 0.0, "percent_statements_covered_display": "0"}, "missing_lines": [3, 5, 7, 9, 10, 11, 14, 15, 16, 17, 20, 21, 22, 24, 26, 27, 29, 30, 32, 33, 34, 37, 46, 47, 48, 49, 51, 54, 55, 56, 58, 59, 61, 62, 63, 65, 73, 74, 75, 76, 78, 81, 82, 83, 85, 86, 88, 89, 90, 92, 100, 101, 102, 103, 105, 107, 108, 109, 111, 112], "excluded_lines": [], "functions": {"test_persona_immersion": {"executed_lines": [], "summary": {"covered_lines": 0, "num_statements": 56, "percent_covered": 0.0, "percent_covered_display": "0", "missing_lines": 56, "excluded_lines": 0, "percent_statements_covered": 0.0, "percent_statements_covered_display": "0"}, "missing_lines": [7, 9, 10, 11, 14, 15, 16, 17, 20, 21, 22, 24, 26, 27, 29, 30, 32, 33, 34, 37, 46, 47, 48, 49, 51, 54, 55, 56, 58, 59, 61, 62, 63, 65, 73, 74, 75, 76, 78, 81, 82, 83, 85, 86, 88, 89, 90, 92, 100, 101, 102, 103, 105, 107, 108, 109], "excluded_lines": [], "start_line": 5}, "": {"executed_lines": [], "summary": {"covered_lines": 0, "num_statements": 4, "percent_covered": 0.0, "percent_covered_display": "0", "missing_lines": 4, "excluded_lines": 0, "percent_statements_covered": 0.0, "percent_statements_covered_display": "0"}, "missing_lines": [3, 5, 111, 112], "excluded_lines": [], "start_line": 1}}, "classes": {"": {"executed_lines": [], "summary": {"covered_lines": 0, "num_statements": 60, "percent_covered": 0.0, "percent_covered_display": "0", "missing_lines": 60, "excluded_lines": 0, "percent_statements_covered": 0.0, "percent_statements_covered_display": "0"}, "missing_lines": [3, 5, 7, 9, 10, 11, 14, 15, 16, 17, 20, 21, 22, 24, 26, 27, 29, 30, 32, 33, 34, 37, 46, 47, 48, 49, 51, 54, 55, 56, 58, 59, 61, 62, 63, 65, 73, 74, 75, 76, 78, 81, 82, 83, 85, 86, 88, 89, 90, 92, 100, 101, 102, 103, 105, 107, 108, 109, 111, 112], "excluded_lines": [], "start_line": 1}}}, "tools.py": {"executed_lines": [], "summary": {"covered_lines": 0, "num_statements": 256, "percent_covered": 0.0, "percent_covered_display": "0", "missing_lines": 256, "excluded_lines": 0, "percent_statements_covered": 0.0, "percent_statements_covered_display": "0"}, "missing_lines": [3, 5, 6, 7, 8, 9, 10, 11, 13, 14, 15, 16, 17, 19, 20, 21, 22, 24, 44, 47, 48, 49, 50, 51, 52, 55, 56, 57, 58, 59, 60, 61, 64, 65, 66, 67, 70, 71, 72, 73, 76, 77, 78, 79, 80, 83, 84, 85, 86, 87, 90, 91, 92, 93, 94, 95, 96, 97, 100, 101, 102, 103, 104, 105, 106, 107, 108, 109, 110, 111, 112, 115, 117, 118, 119, 120, 121, 122, 123, 124, 125, 126, 129, 131, 132, 133, 134, 135, 136, 137, 138, 139, 140, 141, 142, 143, 146, 147, 150, 151, 152, 155, 156, 157, 158, 161, 162, 163, 164, 165, 166, 167, 168, 169, 170, 171, 172, 173, 174, 175, 176, 177, 178, 179, 180, 181, 184, 185, 186, 187, 188, 191, 192, 195, 196, 197, 198, 199, 200, 201, 203, 204, 205, 206, 207, 209, 210, 211, 212, 214, 215, 216, 217, 218, 219, 220, 221, 224, 225, 226, 227, 230, 231, 232, 233, 234, 235, 236, 238, 239, 242, 243, 244, 245, 246, 247, 248, 249, 250, 252, 254, 255, 256, 257, 258, 261, 262, 263, 264, 265, 266, 267, 268, 269, 270, 271, 273, 274, 275, 276, 277, 280, 281, 282, 283, 284, 285, 294, 297, 298, 307, 310, 311, 320, 321, 322, 325, 326, 327, 329, 331, 332, 333, 334, 339, 340, 342, 343, 344, 346, 347, 348, 350, 351, 352, 353, 354, 356, 358, 359, 364, 365, 367, 368, 369, 371, 372, 373, 376, 378, 379, 389, 394, 395, 400, 401], "excluded_lines": [], "functions": {"resolve_workspace": {"executed_lines": [], "summary": {"covered_lines": 0, "num_statements": 4, "percent_covered": 0.0, "percent_covered_display": "0", "missing_lines": 4, "excluded_lines": 0, "percent_statements_covered": 0.0, "percent_statements_covered_display": "0"}, "missing_lines": [84, 85, 86, 87], "excluded_lines": [], "start_line": 83}, "safe_relative_path": {"executed_lines": [], "summary": {"covered_lines": 0, "num_statements": 7, "percent_covered": 0.0, "percent_covered_display": "0", "missing_lines": 7, "excluded_lines": 0, "percent_statements_covered": 0.0, "percent_statements_covered_display": "0"}, "missing_lines": [91, 92, 93, 94, 95, 96, 97], "excluded_lines": [], "start_line": 90}, "iter_source_files": {"executed_lines": [], "summary": {"covered_lines": 0, "num_statements": 12, "percent_covered": 0.0, "percent_covered_display": "0", "missing_lines": 12, "excluded_lines": 0, "percent_statements_covered": 0.0, "percent_statements_covered_display": "0"}, "missing_lines": [101, 102, 103, 104, 105, 106, 107, 108, 109, 110, 111, 112], "excluded_lines": [], "start_line": 100}, "read_file": {"executed_lines": [], "summary": {"covered_lines": 0, "num_statements": 10, "percent_covered": 0.0, "percent_covered_display": "0", "missing_lines": 10, "excluded_lines": 0, "percent_statements_covered": 0.0, "percent_statements_covered_display": "0"}, "missing_lines": [117, 118, 119, 120, 121, 122, 123, 124, 125, 126], "excluded_lines": [], "start_line": 115}, "list_files": {"executed_lines": [], "summary": {"covered_lines": 0, "num_statements": 13, "percent_covered": 0.0, "percent_covered_display": "0", "missing_lines": 13, "excluded_lines": 0, "percent_statements_covered": 0.0, "percent_statements_covered_display": "0"}, "missing_lines": [131, 132, 133, 134, 135, 136, 137, 138, 139, 140, 141, 142, 143], "excluded_lines": [], "start_line": 129}, "read_text": {"executed_lines": [], "summary": {"covered_lines": 0, "num_statements": 1, "percent_covered": 0.0, "percent_covered_display": "0", "missing_lines": 1, "excluded_lines": 0, "percent_statements_covered": 0.0, "percent_statements_covered_display": "0"}, "missing_lines": [147], "excluded_lines": [], "start_line": 146}, "write_text": {"executed_lines": [], "summary": {"covered_lines": 0, "num_statements": 2, "percent_covered": 0.0, "percent_covered_display": "0", "missing_lines": 2, "excluded_lines": 0, "percent_statements_covered": 0.0, "percent_statements_covered_display": "0"}, "missing_lines": [151, 152], "excluded_lines": [], "start_line": 150}, "_annotation_text": {"executed_lines": [], "summary": {"covered_lines": 0, "num_statements": 3, "percent_covered": 0.0, "percent_covered_display": "0", "missing_lines": 3, "excluded_lines": 0, "percent_statements_covered": 0.0, "percent_statements_covered_display": "0"}, "missing_lines": [156, 157, 158], "excluded_lines": [], "start_line": 155}, "_function_signature": {"executed_lines": [], "summary": {"covered_lines": 0, "num_statements": 20, "percent_covered": 0.0, "percent_covered_display": "0", "missing_lines": 20, "excluded_lines": 0, "percent_statements_covered": 0.0, "percent_statements_covered_display": "0"}, "missing_lines": [162, 163, 164, 165, 166, 167, 168, 169, 170, 171, 172, 173, 174, 175, 176, 177, 178, 179, 180, 181], "excluded_lines": [], "start_line": 161}, "_append_semantic_node": {"executed_lines": [], "summary": {"covered_lines": 0, "num_statements": 6, "percent_covered": 0.0, "percent_covered_display": "0", "missing_lines": 6, "excluded_lines": 0, "percent_statements_covered": 0.0, "percent_statements_covered_display": "0"}, "missing_lines": [185, 186, 187, 188, 191, 192], "excluded_lines": [], "start_line": 184}, "parse_python_summary": {"executed_lines": [], "summary": {"covered_lines": 0, "num_statements": 27, "percent_covered": 0.0, "percent_covered_display": "0", "missing_lines": 27, "excluded_lines": 0, "percent_statements_covered": 0.0, "percent_statements_covered_display": "0"}, "missing_lines": [196, 197, 198, 199, 200, 201, 203, 204, 205, 206, 207, 209, 210, 211, 212, 214, 215, 216, 217, 218, 219, 220, 221, 224, 225, 226, 227], "excluded_lines": [], "start_line": 195}, "scan_workspace": {"executed_lines": [], "summary": {"covered_lines": 0, "num_statements": 8, "percent_covered": 0.0, "percent_covered_display": "0", "missing_lines": 8, "excluded_lines": 0, "percent_statements_covered": 0.0, "percent_statements_covered_display": "0"}, "missing_lines": [231, 232, 233, 234, 235, 236, 238, 239], "excluded_lines": [], "start_line": 230}, "summarize_workspace": {"executed_lines": [], "summary": {"covered_lines": 0, "num_statements": 14, "percent_covered": 0.0, "percent_covered_display": "0", "missing_lines": 14, "excluded_lines": 0, "percent_statements_covered": 0.0, "percent_statements_covered_display": "0"}, "missing_lines": [243, 244, 245, 246, 247, 248, 249, 250, 252, 254, 255, 256, 257, 258], "excluded_lines": [], "start_line": 242}, "apply_changes": {"executed_lines": [], "summary": {"covered_lines": 0, "num_statements": 15, "percent_covered": 0.0, "percent_covered_display": "0", "missing_lines": 15, "excluded_lines": 0, "percent_statements_covered": 0.0, "percent_statements_covered_display": "0"}, "missing_lines": [262, 263, 264, 265, 266, 267, 268, 269, 270, 271, 273, 274, 275, 276, 277], "excluded_lines": [], "start_line": 261}, "unified_diff": {"executed_lines": [], "summary": {"covered_lines": 0, "num_statements": 6, "percent_covered": 0.0, "percent_covered_display": "0", "missing_lines": 6, "excluded_lines": 0, "percent_statements_covered": 0.0, "percent_statements_covered_display": "0"}, "missing_lines": [281, 282, 283, 284, 285, 294], "excluded_lines": [], "start_line": 280}, "git_diff": {"executed_lines": [], "summary": {"covered_lines": 0, "num_statements": 2, "percent_covered": 0.0, "percent_covered_display": "0", "missing_lines": 2, "excluded_lines": 0, "percent_statements_covered": 0.0, "percent_statements_covered_display": "0"}, "missing_lines": [298, 307], "excluded_lines": [], "start_line": 297}, "run_pytest": {"executed_lines": [], "summary": {"covered_lines": 0, "num_statements": 4, "percent_covered": 0.0, "percent_covered_display": "0", "missing_lines": 4, "excluded_lines": 0, "percent_statements_covered": 0.0, "percent_statements_covered_display": "0"}, "missing_lines": [311, 320, 321, 322], "excluded_lines": [], "start_line": 310}, "search_web": {"executed_lines": [], "summary": {"covered_lines": 0, "num_statements": 17, "percent_covered": 0.0, "percent_covered_display": "0", "missing_lines": 17, "excluded_lines": 0, "percent_statements_covered": 0.0, "percent_statements_covered_display": "0"}, "missing_lines": [331, 332, 333, 334, 339, 340, 342, 343, 344, 346, 347, 348, 350, 351, 352, 353, 354], "excluded_lines": [], "start_line": 329}, "fetch_url": {"executed_lines": [], "summary": {"covered_lines": 0, "num_statements": 10, "percent_covered": 0.0, "percent_covered_display": "0", "missing_lines": 10, "excluded_lines": 0, "percent_statements_covered": 0.0, "percent_statements_covered_display": "0"}, "missing_lines": [358, 359, 364, 365, 367, 368, 369, 371, 372, 373], "excluded_lines": [], "start_line": 356}, "run_terminal_command": {"executed_lines": [], "summary": {"covered_lines": 0, "num_statements": 7, "percent_covered": 0.0, "percent_covered_display": "0", "missing_lines": 7, "excluded_lines": 0, "percent_statements_covered": 0.0, "percent_statements_covered_display": "0"}, "missing_lines": [378, 379, 389, 394, 395, 400, 401], "excluded_lines": [], "start_line": 376}, "": {"executed_lines": [], "summary": {"covered_lines": 0, "num_statements": 68, "percent_covered": 0.0, "percent_covered_display": "0", "missing_lines": 68, "excluded_lines": 0, "percent_statements_covered": 0.0, "percent_statements_covered_display": "0"}, "missing_lines": [3, 5, 6, 7, 8, 9, 10, 11, 13, 14, 15, 16, 17, 19, 20, 21, 22, 24, 44, 47, 48, 49, 50, 51, 52, 55, 56, 57, 58, 59, 60, 61, 64, 65, 66, 67, 70, 71, 72, 73, 76, 77, 78, 79, 80, 83, 90, 100, 115, 129, 146, 150, 155, 161, 184, 195, 230, 242, 261, 280, 297, 310, 325, 326, 327, 329, 356, 376], "excluded_lines": [], "start_line": 1}}, "classes": {"SymbolSummary": {"executed_lines": [], "summary": {"covered_lines": 0, "num_statements": 0, "percent_covered": 100.0, "percent_covered_display": "100", "missing_lines": 0, "excluded_lines": 0, "percent_statements_covered": 100.0, "percent_statements_covered_display": "100"}, "missing_lines": [], "excluded_lines": [], "start_line": 48}, "FileSummary": {"executed_lines": [], "summary": {"covered_lines": 0, "num_statements": 0, "percent_covered": 100.0, "percent_covered_display": "100", "missing_lines": 0, "excluded_lines": 0, "percent_statements_covered": 100.0, "percent_statements_covered_display": "100"}, "missing_lines": [], "excluded_lines": [], "start_line": 56}, "ProposedFileChange": {"executed_lines": [], "summary": {"covered_lines": 0, "num_statements": 0, "percent_covered": 100.0, "percent_covered_display": "100", "missing_lines": 0, "excluded_lines": 0, "percent_statements_covered": 100.0, "percent_statements_covered_display": "100"}, "missing_lines": [], "excluded_lines": [], "start_line": 65}, "PatchResult": {"executed_lines": [], "summary": {"covered_lines": 0, "num_statements": 0, "percent_covered": 100.0, "percent_covered_display": "100", "missing_lines": 0, "excluded_lines": 0, "percent_statements_covered": 100.0, "percent_statements_covered_display": "100"}, "missing_lines": [], "excluded_lines": [], "start_line": 71}, "TestResult": {"executed_lines": [], "summary": {"covered_lines": 0, "num_statements": 0, "percent_covered": 100.0, "percent_covered_display": "100", "missing_lines": 0, "excluded_lines": 0, "percent_statements_covered": 100.0, "percent_statements_covered_display": "100"}, "missing_lines": [], "excluded_lines": [], "start_line": 77}, "": {"executed_lines": [], "summary": {"covered_lines": 0, "num_statements": 256, "percent_covered": 0.0, "percent_covered_display": "0", "missing_lines": 256, "excluded_lines": 0, "percent_statements_covered": 0.0, "percent_statements_covered_display": "0"}, "missing_lines": [3, 5, 6, 7, 8, 9, 10, 11, 13, 14, 15, 16, 17, 19, 20, 21, 22, 24, 44, 47, 48, 49, 50, 51, 52, 55, 56, 57, 58, 59, 60, 61, 64, 65, 66, 67, 70, 71, 72, 73, 76, 77, 78, 79, 80, 83, 84, 85, 86, 87, 90, 91, 92, 93, 94, 95, 96, 97, 100, 101, 102, 103, 104, 105, 106, 107, 108, 109, 110, 111, 112, 115, 117, 118, 119, 120, 121, 122, 123, 124, 125, 126, 129, 131, 132, 133, 134, 135, 136, 137, 138, 139, 140, 141, 142, 143, 146, 147, 150, 151, 152, 155, 156, 157, 158, 161, 162, 163, 164, 165, 166, 167, 168, 169, 170, 171, 172, 173, 174, 175, 176, 177, 178, 179, 180, 181, 184, 185, 186, 187, 188, 191, 192, 195, 196, 197, 198, 199, 200, 201, 203, 204, 205, 206, 207, 209, 210, 211, 212, 214, 215, 216, 217, 218, 219, 220, 221, 224, 225, 226, 227, 230, 231, 232, 233, 234, 235, 236, 238, 239, 242, 243, 244, 245, 246, 247, 248, 249, 250, 252, 254, 255, 256, 257, 258, 261, 262, 263, 264, 265, 266, 267, 268, 269, 270, 271, 273, 274, 275, 276, 277, 280, 281, 282, 283, 284, 285, 294, 297, 298, 307, 310, 311, 320, 321, 322, 325, 326, 327, 329, 331, 332, 333, 334, 339, 340, 342, 343, 344, 346, 347, 348, 350, 351, 352, 353, 354, 356, 358, 359, 364, 365, 367, 368, 369, 371, 372, 373, 376, 378, 379, 389, 394, 395, 400, 401], "excluded_lines": [], "start_line": 1}}}}, "totals": {"covered_lines": 368, "num_statements": 3292, "percent_covered": 11.17861482381531, "percent_covered_display": "11", "missing_lines": 2924, "excluded_lines": 2, "percent_statements_covered": 11.17861482381531, "percent_statements_covered_display": "11"}}